The system is: Linux - 5.19.0-35-generic - x86_64
Compiling the C compiler identification source file "CMakeCCompilerId.c" succeeded.
Compiler: /home/jok3r/x-tools/aarch64-rpi4-linux-gnu/bin/aarch64-rpi4-linux-gnu-gcc 
Build flags: 
Id flags:  

The output was:
0


Compilation of the C compiler identification source "CMakeCCompilerId.c" produced "a.out"

The C compiler identification is GNU, found in "/home/jok3r/application/build/CMakeFiles/3.22.1/CompilerIdC/a.out"

Compiling the CXX compiler identification source file "CMakeCXXCompilerId.cpp" succeeded.
Compiler: /home/jok3r/x-tools/aarch64-rpi4-linux-gnu/bin/aarch64-rpi4-linux-gnu-g++ 
Build flags: 
Id flags:  

The output was:
0


Compilation of the CXX compiler identification source "CMakeCXXCompilerId.cpp" produced "a.out"

The CXX compiler identification is GNU, found in "/home/jok3r/application/build/CMakeFiles/3.22.1/CompilerIdCXX/a.out"

Detecting C compiler ABI info compiled with the following output:
Change Dir: /home/jok3r/application/build/CMakeFiles/CMakeTmp

Run Build Command(s):/usr/bin/gmake -f Makefile cmTC_383a0/fast && /usr/bin/gmake  -f CMakeFiles/cmTC_383a0.dir/build.make CMakeFiles/cmTC_383a0.dir/build
gmake[1]: Entering directory '/home/jok3r/application/build/CMakeFiles/CMakeTmp'
Building C object CMakeFiles/cmTC_383a0.dir/CMakeCCompilerABI.c.o
/home/jok3r/x-tools/aarch64-rpi4-linux-gnu/bin/aarch64-rpi4-linux-gnu-gcc   -v -o CMakeFiles/cmTC_383a0.dir/CMakeCCompilerABI.c.o -c /usr/share/cmake-3.22/Modules/CMakeCCompilerABI.c
Using built-in specs.
COLLECT_GCC=/home/jok3r/x-tools/aarch64-rpi4-linux-gnu/bin/aarch64-rpi4-linux-gnu-gcc
Target: aarch64-rpi4-linux-gnu
Configured with: /media/jok3r/0c8aed27-573e-4ed6-acb9-bd13e9be4906/crosstool-ng/.build/aarch64-rpi4-linux-gnu/src/gcc/configure --build=x86_64-build_pc-linux-gnu --host=x86_64-build_pc-linux-gnu --target=aarch64-rpi4-linux-gnu --prefix=/home/jok3r/x-tools/aarch64-rpi4-linux-gnu --exec_prefix=/home/jok3r/x-tools/aarch64-rpi4-linux-gnu --with-sysroot=/home/jok3r/x-tools/aarch64-rpi4-linux-gnu/aarch64-rpi4-linux-gnu/sysroot --enable-languages=c,c++ --with-cpu=cortex-a72 --with-pkgversion='crosstool-NG UNKNOWN' --enable-__cxa_atexit --disable-tm-clone-registry --disable-libmudflap --disable-libgomp --disable-libssp --disable-libquadmath --disable-libquadmath-support --disable-libsanitizer --disable-libmpx --with-gmp=/media/jok3r/0c8aed27-573e-4ed6-acb9-bd13e9be4906/crosstool-ng/.build/aarch64-rpi4-linux-gnu/buildtools --with-mpfr=/media/jok3r/0c8aed27-573e-4ed6-acb9-bd13e9be4906/crosstool-ng/.build/aarch64-rpi4-linux-gnu/buildtools --with-mpc=/media/jok3r/0c8aed27-573e-4ed6-acb9-bd13e9be4906/crosstool-ng/.build/aarch64-rpi4-linux-gnu/buildtools --with-isl=/media/jok3r/0c8aed27-573e-4ed6-acb9-bd13e9be4906/crosstool-ng/.build/aarch64-rpi4-linux-gnu/buildtools --enable-lto --without-zstd --enable-threads=posix --enable-target-optspace --enable-plugin --enable-gold --disable-nls --disable-multilib --with-local-prefix=/home/jok3r/x-tools/aarch64-rpi4-linux-gnu/aarch64-rpi4-linux-gnu/sysroot --enable-long-long
Thread model: posix
gcc version 9.5.0 (crosstool-NG UNKNOWN) 
COLLECT_GCC_OPTIONS='-v' '-o' 'CMakeFiles/cmTC_383a0.dir/CMakeCCompilerABI.c.o' '-c' '-mcpu=cortex-a72' '-mlittle-endian' '-mabi=lp64'
 /home/jok3r/x-tools/aarch64-rpi4-linux-gnu/libexec/gcc/aarch64-rpi4-linux-gnu/9.5.0/cc1 -quiet -v /usr/share/cmake-3.22/Modules/CMakeCCompilerABI.c -quiet -dumpbase CMakeCCompilerABI.c -mcpu=cortex-a72 -mlittle-endian -mabi=lp64 -auxbase-strip CMakeFiles/cmTC_383a0.dir/CMakeCCompilerABI.c.o -version -o /tmp/cc3cTHx4.s
GNU C17 (crosstool-NG UNKNOWN) version 9.5.0 (aarch64-rpi4-linux-gnu)
	compiled by GNU C version 11.3.0, GMP version 6.2.1, MPFR version 4.1.0, MPC version 1.2.1, isl version isl-0.24-GMP

GGC heuristics: --param ggc-min-expand=100 --param ggc-min-heapsize=131072
ignoring nonexistent directory "/home/jok3r/x-tools/aarch64-rpi4-linux-gnu/aarch64-rpi4-linux-gnu/sysroot/home/jok3r/x-tools/aarch64-rpi4-linux-gnu/aarch64-rpi4-linux-gnu/sysroot/include"
#include "..." search starts here:
#include <...> search starts here:
 /home/jok3r/x-tools/aarch64-rpi4-linux-gnu/lib/gcc/aarch64-rpi4-linux-gnu/9.5.0/include
 /home/jok3r/x-tools/aarch64-rpi4-linux-gnu/lib/gcc/aarch64-rpi4-linux-gnu/9.5.0/include-fixed
 /home/jok3r/x-tools/aarch64-rpi4-linux-gnu/lib/gcc/aarch64-rpi4-linux-gnu/9.5.0/../../../../aarch64-rpi4-linux-gnu/include
 /home/jok3r/x-tools/aarch64-rpi4-linux-gnu/aarch64-rpi4-linux-gnu/sysroot/usr/include
End of search list.
GNU C17 (crosstool-NG UNKNOWN) version 9.5.0 (aarch64-rpi4-linux-gnu)
	compiled by GNU C version 11.3.0, GMP version 6.2.1, MPFR version 4.1.0, MPC version 1.2.1, isl version isl-0.24-GMP

GGC heuristics: --param ggc-min-expand=100 --param ggc-min-heapsize=131072
Compiler executable checksum: f759df2cb9a6c2738f4c8e02948a37e0
COLLECT_GCC_OPTIONS='-v' '-o' 'CMakeFiles/cmTC_383a0.dir/CMakeCCompilerABI.c.o' '-c' '-mcpu=cortex-a72' '-mlittle-endian' '-mabi=lp64'
 /home/jok3r/x-tools/aarch64-rpi4-linux-gnu/lib/gcc/aarch64-rpi4-linux-gnu/9.5.0/../../../../aarch64-rpi4-linux-gnu/bin/as -v -EL -march=armv8-a+crc -mabi=lp64 -o CMakeFiles/cmTC_383a0.dir/CMakeCCompilerABI.c.o /tmp/cc3cTHx4.s
GNU assembler version 2.35.1 (aarch64-rpi4-linux-gnu) using BFD version (crosstool-NG UNKNOWN) 2.35.1
COMPILER_PATH=/home/jok3r/x-tools/aarch64-rpi4-linux-gnu/libexec/gcc/aarch64-rpi4-linux-gnu/9.5.0/:/home/jok3r/x-tools/aarch64-rpi4-linux-gnu/libexec/gcc/aarch64-rpi4-linux-gnu/9.5.0/:/home/jok3r/x-tools/aarch64-rpi4-linux-gnu/libexec/gcc/aarch64-rpi4-linux-gnu/:/home/jok3r/x-tools/aarch64-rpi4-linux-gnu/lib/gcc/aarch64-rpi4-linux-gnu/9.5.0/:/home/jok3r/x-tools/aarch64-rpi4-linux-gnu/lib/gcc/aarch64-rpi4-linux-gnu/:/home/jok3r/x-tools/aarch64-rpi4-linux-gnu/lib/gcc/aarch64-rpi4-linux-gnu/9.5.0/../../../../aarch64-rpi4-linux-gnu/bin/
LIBRARY_PATH=/home/jok3r/x-tools/aarch64-rpi4-linux-gnu/lib/gcc/aarch64-rpi4-linux-gnu/9.5.0/:/home/jok3r/x-tools/aarch64-rpi4-linux-gnu/lib/gcc/aarch64-rpi4-linux-gnu/9.5.0/../../../../aarch64-rpi4-linux-gnu/lib/../lib64/:/home/jok3r/x-tools/aarch64-rpi4-linux-gnu/aarch64-rpi4-linux-gnu/sysroot/lib/../lib64/:/home/jok3r/x-tools/aarch64-rpi4-linux-gnu/aarch64-rpi4-linux-gnu/sysroot/usr/lib/../lib64/:/home/jok3r/x-tools/aarch64-rpi4-linux-gnu/lib/gcc/aarch64-rpi4-linux-gnu/9.5.0/../../../../aarch64-rpi4-linux-gnu/lib/:/home/jok3r/x-tools/aarch64-rpi4-linux-gnu/aarch64-rpi4-linux-gnu/sysroot/lib/:/home/jok3r/x-tools/aarch64-rpi4-linux-gnu/aarch64-rpi4-linux-gnu/sysroot/usr/lib/
COLLECT_GCC_OPTIONS='-v' '-o' 'CMakeFiles/cmTC_383a0.dir/CMakeCCompilerABI.c.o' '-c' '-mcpu=cortex-a72' '-mlittle-endian' '-mabi=lp64'
Linking C executable cmTC_383a0
/usr/bin/cmake -E cmake_link_script CMakeFiles/cmTC_383a0.dir/link.txt --verbose=1
/home/jok3r/x-tools/aarch64-rpi4-linux-gnu/bin/aarch64-rpi4-linux-gnu-gcc  -v CMakeFiles/cmTC_383a0.dir/CMakeCCompilerABI.c.o -o cmTC_383a0 
Using built-in specs.
COLLECT_GCC=/home/jok3r/x-tools/aarch64-rpi4-linux-gnu/bin/aarch64-rpi4-linux-gnu-gcc
COLLECT_LTO_WRAPPER=/home/jok3r/x-tools/aarch64-rpi4-linux-gnu/libexec/gcc/aarch64-rpi4-linux-gnu/9.5.0/lto-wrapper
Target: aarch64-rpi4-linux-gnu
Configured with: /media/jok3r/0c8aed27-573e-4ed6-acb9-bd13e9be4906/crosstool-ng/.build/aarch64-rpi4-linux-gnu/src/gcc/configure --build=x86_64-build_pc-linux-gnu --host=x86_64-build_pc-linux-gnu --target=aarch64-rpi4-linux-gnu --prefix=/home/jok3r/x-tools/aarch64-rpi4-linux-gnu --exec_prefix=/home/jok3r/x-tools/aarch64-rpi4-linux-gnu --with-sysroot=/home/jok3r/x-tools/aarch64-rpi4-linux-gnu/aarch64-rpi4-linux-gnu/sysroot --enable-languages=c,c++ --with-cpu=cortex-a72 --with-pkgversion='crosstool-NG UNKNOWN' --enable-__cxa_atexit --disable-tm-clone-registry --disable-libmudflap --disable-libgomp --disable-libssp --disable-libquadmath --disable-libquadmath-support --disable-libsanitizer --disable-libmpx --with-gmp=/media/jok3r/0c8aed27-573e-4ed6-acb9-bd13e9be4906/crosstool-ng/.build/aarch64-rpi4-linux-gnu/buildtools --with-mpfr=/media/jok3r/0c8aed27-573e-4ed6-acb9-bd13e9be4906/crosstool-ng/.build/aarch64-rpi4-linux-gnu/buildtools --with-mpc=/media/jok3r/0c8aed27-573e-4ed6-acb9-bd13e9be4906/crosstool-ng/.build/aarch64-rpi4-linux-gnu/buildtools --with-isl=/media/jok3r/0c8aed27-573e-4ed6-acb9-bd13e9be4906/crosstool-ng/.build/aarch64-rpi4-linux-gnu/buildtools --enable-lto --without-zstd --enable-threads=posix --enable-target-optspace --enable-plugin --enable-gold --disable-nls --disable-multilib --with-local-prefix=/home/jok3r/x-tools/aarch64-rpi4-linux-gnu/aarch64-rpi4-linux-gnu/sysroot --enable-long-long
Thread model: posix
gcc version 9.5.0 (crosstool-NG UNKNOWN) 
COMPILER_PATH=/home/jok3r/x-tools/aarch64-rpi4-linux-gnu/libexec/gcc/aarch64-rpi4-linux-gnu/9.5.0/:/home/jok3r/x-tools/aarch64-rpi4-linux-gnu/libexec/gcc/aarch64-rpi4-linux-gnu/9.5.0/:/home/jok3r/x-tools/aarch64-rpi4-linux-gnu/libexec/gcc/aarch64-rpi4-linux-gnu/:/home/jok3r/x-tools/aarch64-rpi4-linux-gnu/lib/gcc/aarch64-rpi4-linux-gnu/9.5.0/:/home/jok3r/x-tools/aarch64-rpi4-linux-gnu/lib/gcc/aarch64-rpi4-linux-gnu/:/home/jok3r/x-tools/aarch64-rpi4-linux-gnu/lib/gcc/aarch64-rpi4-linux-gnu/9.5.0/../../../../aarch64-rpi4-linux-gnu/bin/
LIBRARY_PATH=/home/jok3r/x-tools/aarch64-rpi4-linux-gnu/lib/gcc/aarch64-rpi4-linux-gnu/9.5.0/:/home/jok3r/x-tools/aarch64-rpi4-linux-gnu/lib/gcc/aarch64-rpi4-linux-gnu/9.5.0/../../../../aarch64-rpi4-linux-gnu/lib/../lib64/:/home/jok3r/x-tools/aarch64-rpi4-linux-gnu/aarch64-rpi4-linux-gnu/sysroot/lib/../lib64/:/home/jok3r/x-tools/aarch64-rpi4-linux-gnu/aarch64-rpi4-linux-gnu/sysroot/usr/lib/../lib64/:/home/jok3r/x-tools/aarch64-rpi4-linux-gnu/lib/gcc/aarch64-rpi4-linux-gnu/9.5.0/../../../../aarch64-rpi4-linux-gnu/lib/:/home/jok3r/x-tools/aarch64-rpi4-linux-gnu/aarch64-rpi4-linux-gnu/sysroot/lib/:/home/jok3r/x-tools/aarch64-rpi4-linux-gnu/aarch64-rpi4-linux-gnu/sysroot/usr/lib/
COLLECT_GCC_OPTIONS='-v' '-o' 'cmTC_383a0' '-mcpu=cortex-a72' '-mlittle-endian' '-mabi=lp64'
 /home/jok3r/x-tools/aarch64-rpi4-linux-gnu/libexec/gcc/aarch64-rpi4-linux-gnu/9.5.0/collect2 -plugin /home/jok3r/x-tools/aarch64-rpi4-linux-gnu/libexec/gcc/aarch64-rpi4-linux-gnu/9.5.0/liblto_plugin.so -plugin-opt=/home/jok3r/x-tools/aarch64-rpi4-linux-gnu/libexec/gcc/aarch64-rpi4-linux-gnu/9.5.0/lto-wrapper -plugin-opt=-fresolution=/tmp/ccMbfagx.res -plugin-opt=-pass-through=-lgcc -plugin-opt=-pass-through=-lgcc_s -plugin-opt=-pass-through=-lc -plugin-opt=-pass-through=-lgcc -plugin-opt=-pass-through=-lgcc_s --sysroot=/home/jok3r/x-tools/aarch64-rpi4-linux-gnu/aarch64-rpi4-linux-gnu/sysroot --eh-frame-hdr -dynamic-linker /lib/ld-linux-aarch64.so.1 -X -EL -maarch64linux -o cmTC_383a0 /home/jok3r/x-tools/aarch64-rpi4-linux-gnu/aarch64-rpi4-linux-gnu/sysroot/usr/lib/../lib64/crt1.o /home/jok3r/x-tools/aarch64-rpi4-linux-gnu/aarch64-rpi4-linux-gnu/sysroot/usr/lib/../lib64/crti.o /home/jok3r/x-tools/aarch64-rpi4-linux-gnu/lib/gcc/aarch64-rpi4-linux-gnu/9.5.0/crtbegin.o -L/home/jok3r/x-tools/aarch64-rpi4-linux-gnu/lib/gcc/aarch64-rpi4-linux-gnu/9.5.0 -L/home/jok3r/x-tools/aarch64-rpi4-linux-gnu/lib/gcc/aarch64-rpi4-linux-gnu/9.5.0/../../../../aarch64-rpi4-linux-gnu/lib/../lib64 -L/home/jok3r/x-tools/aarch64-rpi4-linux-gnu/aarch64-rpi4-linux-gnu/sysroot/lib/../lib64 -L/home/jok3r/x-tools/aarch64-rpi4-linux-gnu/aarch64-rpi4-linux-gnu/sysroot/usr/lib/../lib64 -L/home/jok3r/x-tools/aarch64-rpi4-linux-gnu/lib/gcc/aarch64-rpi4-linux-gnu/9.5.0/../../../../aarch64-rpi4-linux-gnu/lib -L/home/jok3r/x-tools/aarch64-rpi4-linux-gnu/aarch64-rpi4-linux-gnu/sysroot/lib -L/home/jok3r/x-tools/aarch64-rpi4-linux-gnu/aarch64-rpi4-linux-gnu/sysroot/usr/lib CMakeFiles/cmTC_383a0.dir/CMakeCCompilerABI.c.o -lgcc --push-state --as-needed -lgcc_s --pop-state -lc -lgcc --push-state --as-needed -lgcc_s --pop-state /home/jok3r/x-tools/aarch64-rpi4-linux-gnu/lib/gcc/aarch64-rpi4-linux-gnu/9.5.0/crtend.o /home/jok3r/x-tools/aarch64-rpi4-linux-gnu/aarch64-rpi4-linux-gnu/sysroot/usr/lib/../lib64/crtn.o
COLLECT_GCC_OPTIONS='-v' '-o' 'cmTC_383a0' '-mcpu=cortex-a72' '-mlittle-endian' '-mabi=lp64'
gmake[1]: Leaving directory '/home/jok3r/application/build/CMakeFiles/CMakeTmp'



Parsed C implicit include dir info from above output: rv=done
  found start of include info
  found start of implicit include info
    add: [/home/jok3r/x-tools/aarch64-rpi4-linux-gnu/lib/gcc/aarch64-rpi4-linux-gnu/9.5.0/include]
    add: [/home/jok3r/x-tools/aarch64-rpi4-linux-gnu/lib/gcc/aarch64-rpi4-linux-gnu/9.5.0/include-fixed]
    add: [/home/jok3r/x-tools/aarch64-rpi4-linux-gnu/lib/gcc/aarch64-rpi4-linux-gnu/9.5.0/../../../../aarch64-rpi4-linux-gnu/include]
    add: [/home/jok3r/x-tools/aarch64-rpi4-linux-gnu/aarch64-rpi4-linux-gnu/sysroot/usr/include]
  end of search list found
  collapse include dir [/home/jok3r/x-tools/aarch64-rpi4-linux-gnu/lib/gcc/aarch64-rpi4-linux-gnu/9.5.0/include] ==> [/home/jok3r/x-tools/aarch64-rpi4-linux-gnu/lib/gcc/aarch64-rpi4-linux-gnu/9.5.0/include]
  collapse include dir [/home/jok3r/x-tools/aarch64-rpi4-linux-gnu/lib/gcc/aarch64-rpi4-linux-gnu/9.5.0/include-fixed] ==> [/home/jok3r/x-tools/aarch64-rpi4-linux-gnu/lib/gcc/aarch64-rpi4-linux-gnu/9.5.0/include-fixed]
  collapse include dir [/home/jok3r/x-tools/aarch64-rpi4-linux-gnu/lib/gcc/aarch64-rpi4-linux-gnu/9.5.0/../../../../aarch64-rpi4-linux-gnu/include] ==> [/home/jok3r/x-tools/aarch64-rpi4-linux-gnu/aarch64-rpi4-linux-gnu/include]
  collapse include dir [/home/jok3r/x-tools/aarch64-rpi4-linux-gnu/aarch64-rpi4-linux-gnu/sysroot/usr/include] ==> [/home/jok3r/x-tools/aarch64-rpi4-linux-gnu/aarch64-rpi4-linux-gnu/sysroot/usr/include]
  implicit include dirs: [/home/jok3r/x-tools/aarch64-rpi4-linux-gnu/lib/gcc/aarch64-rpi4-linux-gnu/9.5.0/include;/home/jok3r/x-tools/aarch64-rpi4-linux-gnu/lib/gcc/aarch64-rpi4-linux-gnu/9.5.0/include-fixed;/home/jok3r/x-tools/aarch64-rpi4-linux-gnu/aarch64-rpi4-linux-gnu/include;/home/jok3r/x-tools/aarch64-rpi4-linux-gnu/aarch64-rpi4-linux-gnu/sysroot/usr/include]


Parsed C implicit link information from above output:
  link line regex: [^( *|.*[/\])(aarch64-rpi4-linux-gnu-ld|CMAKE_LINK_STARTFILE-NOTFOUND|([^/\]+-)?ld|collect2)[^/\]*( |$)]
  ignore line: [Change Dir: /home/jok3r/application/build/CMakeFiles/CMakeTmp]
  ignore line: []
  ignore line: [Run Build Command(s):/usr/bin/gmake -f Makefile cmTC_383a0/fast && /usr/bin/gmake  -f CMakeFiles/cmTC_383a0.dir/build.make CMakeFiles/cmTC_383a0.dir/build]
  ignore line: [gmake[1]: Entering directory '/home/jok3r/application/build/CMakeFiles/CMakeTmp']
  ignore line: [Building C object CMakeFiles/cmTC_383a0.dir/CMakeCCompilerABI.c.o]
  ignore line: [/home/jok3r/x-tools/aarch64-rpi4-linux-gnu/bin/aarch64-rpi4-linux-gnu-gcc   -v -o CMakeFiles/cmTC_383a0.dir/CMakeCCompilerABI.c.o -c /usr/share/cmake-3.22/Modules/CMakeCCompilerABI.c]
  ignore line: [Using built-in specs.]
  ignore line: [COLLECT_GCC=/home/jok3r/x-tools/aarch64-rpi4-linux-gnu/bin/aarch64-rpi4-linux-gnu-gcc]
  ignore line: [Target: aarch64-rpi4-linux-gnu]
  ignore line: [Configured with: /media/jok3r/0c8aed27-573e-4ed6-acb9-bd13e9be4906/crosstool-ng/.build/aarch64-rpi4-linux-gnu/src/gcc/configure --build=x86_64-build_pc-linux-gnu --host=x86_64-build_pc-linux-gnu --target=aarch64-rpi4-linux-gnu --prefix=/home/jok3r/x-tools/aarch64-rpi4-linux-gnu --exec_prefix=/home/jok3r/x-tools/aarch64-rpi4-linux-gnu --with-sysroot=/home/jok3r/x-tools/aarch64-rpi4-linux-gnu/aarch64-rpi4-linux-gnu/sysroot --enable-languages=c c++ --with-cpu=cortex-a72 --with-pkgversion='crosstool-NG UNKNOWN' --enable-__cxa_atexit --disable-tm-clone-registry --disable-libmudflap --disable-libgomp --disable-libssp --disable-libquadmath --disable-libquadmath-support --disable-libsanitizer --disable-libmpx --with-gmp=/media/jok3r/0c8aed27-573e-4ed6-acb9-bd13e9be4906/crosstool-ng/.build/aarch64-rpi4-linux-gnu/buildtools --with-mpfr=/media/jok3r/0c8aed27-573e-4ed6-acb9-bd13e9be4906/crosstool-ng/.build/aarch64-rpi4-linux-gnu/buildtools --with-mpc=/media/jok3r/0c8aed27-573e-4ed6-acb9-bd13e9be4906/crosstool-ng/.build/aarch64-rpi4-linux-gnu/buildtools --with-isl=/media/jok3r/0c8aed27-573e-4ed6-acb9-bd13e9be4906/crosstool-ng/.build/aarch64-rpi4-linux-gnu/buildtools --enable-lto --without-zstd --enable-threads=posix --enable-target-optspace --enable-plugin --enable-gold --disable-nls --disable-multilib --with-local-prefix=/home/jok3r/x-tools/aarch64-rpi4-linux-gnu/aarch64-rpi4-linux-gnu/sysroot --enable-long-long]
  ignore line: [Thread model: posix]
  ignore line: [gcc version 9.5.0 (crosstool-NG UNKNOWN) ]
  ignore line: [COLLECT_GCC_OPTIONS='-v' '-o' 'CMakeFiles/cmTC_383a0.dir/CMakeCCompilerABI.c.o' '-c' '-mcpu=cortex-a72' '-mlittle-endian' '-mabi=lp64']
  ignore line: [ /home/jok3r/x-tools/aarch64-rpi4-linux-gnu/libexec/gcc/aarch64-rpi4-linux-gnu/9.5.0/cc1 -quiet -v /usr/share/cmake-3.22/Modules/CMakeCCompilerABI.c -quiet -dumpbase CMakeCCompilerABI.c -mcpu=cortex-a72 -mlittle-endian -mabi=lp64 -auxbase-strip CMakeFiles/cmTC_383a0.dir/CMakeCCompilerABI.c.o -version -o /tmp/cc3cTHx4.s]
  ignore line: [GNU C17 (crosstool-NG UNKNOWN) version 9.5.0 (aarch64-rpi4-linux-gnu)]
  ignore line: [	compiled by GNU C version 11.3.0  GMP version 6.2.1  MPFR version 4.1.0  MPC version 1.2.1  isl version isl-0.24-GMP]
  ignore line: []
  ignore line: [GGC heuristics: --param ggc-min-expand=100 --param ggc-min-heapsize=131072]
  ignore line: [ignoring nonexistent directory "/home/jok3r/x-tools/aarch64-rpi4-linux-gnu/aarch64-rpi4-linux-gnu/sysroot/home/jok3r/x-tools/aarch64-rpi4-linux-gnu/aarch64-rpi4-linux-gnu/sysroot/include"]
  ignore line: [#include "..." search starts here:]
  ignore line: [#include <...> search starts here:]
  ignore line: [ /home/jok3r/x-tools/aarch64-rpi4-linux-gnu/lib/gcc/aarch64-rpi4-linux-gnu/9.5.0/include]
  ignore line: [ /home/jok3r/x-tools/aarch64-rpi4-linux-gnu/lib/gcc/aarch64-rpi4-linux-gnu/9.5.0/include-fixed]
  ignore line: [ /home/jok3r/x-tools/aarch64-rpi4-linux-gnu/lib/gcc/aarch64-rpi4-linux-gnu/9.5.0/../../../../aarch64-rpi4-linux-gnu/include]
  ignore line: [ /home/jok3r/x-tools/aarch64-rpi4-linux-gnu/aarch64-rpi4-linux-gnu/sysroot/usr/include]
  ignore line: [End of search list.]
  ignore line: [GNU C17 (crosstool-NG UNKNOWN) version 9.5.0 (aarch64-rpi4-linux-gnu)]
  ignore line: [	compiled by GNU C version 11.3.0  GMP version 6.2.1  MPFR version 4.1.0  MPC version 1.2.1  isl version isl-0.24-GMP]
  ignore line: []
  ignore line: [GGC heuristics: --param ggc-min-expand=100 --param ggc-min-heapsize=131072]
  ignore line: [Compiler executable checksum: f759df2cb9a6c2738f4c8e02948a37e0]
  ignore line: [COLLECT_GCC_OPTIONS='-v' '-o' 'CMakeFiles/cmTC_383a0.dir/CMakeCCompilerABI.c.o' '-c' '-mcpu=cortex-a72' '-mlittle-endian' '-mabi=lp64']
  ignore line: [ /home/jok3r/x-tools/aarch64-rpi4-linux-gnu/lib/gcc/aarch64-rpi4-linux-gnu/9.5.0/../../../../aarch64-rpi4-linux-gnu/bin/as -v -EL -march=armv8-a+crc -mabi=lp64 -o CMakeFiles/cmTC_383a0.dir/CMakeCCompilerABI.c.o /tmp/cc3cTHx4.s]
  ignore line: [GNU assembler version 2.35.1 (aarch64-rpi4-linux-gnu) using BFD version (crosstool-NG UNKNOWN) 2.35.1]
  ignore line: [COMPILER_PATH=/home/jok3r/x-tools/aarch64-rpi4-linux-gnu/libexec/gcc/aarch64-rpi4-linux-gnu/9.5.0/:/home/jok3r/x-tools/aarch64-rpi4-linux-gnu/libexec/gcc/aarch64-rpi4-linux-gnu/9.5.0/:/home/jok3r/x-tools/aarch64-rpi4-linux-gnu/libexec/gcc/aarch64-rpi4-linux-gnu/:/home/jok3r/x-tools/aarch64-rpi4-linux-gnu/lib/gcc/aarch64-rpi4-linux-gnu/9.5.0/:/home/jok3r/x-tools/aarch64-rpi4-linux-gnu/lib/gcc/aarch64-rpi4-linux-gnu/:/home/jok3r/x-tools/aarch64-rpi4-linux-gnu/lib/gcc/aarch64-rpi4-linux-gnu/9.5.0/../../../../aarch64-rpi4-linux-gnu/bin/]
  ignore line: [LIBRARY_PATH=/home/jok3r/x-tools/aarch64-rpi4-linux-gnu/lib/gcc/aarch64-rpi4-linux-gnu/9.5.0/:/home/jok3r/x-tools/aarch64-rpi4-linux-gnu/lib/gcc/aarch64-rpi4-linux-gnu/9.5.0/../../../../aarch64-rpi4-linux-gnu/lib/../lib64/:/home/jok3r/x-tools/aarch64-rpi4-linux-gnu/aarch64-rpi4-linux-gnu/sysroot/lib/../lib64/:/home/jok3r/x-tools/aarch64-rpi4-linux-gnu/aarch64-rpi4-linux-gnu/sysroot/usr/lib/../lib64/:/home/jok3r/x-tools/aarch64-rpi4-linux-gnu/lib/gcc/aarch64-rpi4-linux-gnu/9.5.0/../../../../aarch64-rpi4-linux-gnu/lib/:/home/jok3r/x-tools/aarch64-rpi4-linux-gnu/aarch64-rpi4-linux-gnu/sysroot/lib/:/home/jok3r/x-tools/aarch64-rpi4-linux-gnu/aarch64-rpi4-linux-gnu/sysroot/usr/lib/]
  ignore line: [COLLECT_GCC_OPTIONS='-v' '-o' 'CMakeFiles/cmTC_383a0.dir/CMakeCCompilerABI.c.o' '-c' '-mcpu=cortex-a72' '-mlittle-endian' '-mabi=lp64']
  ignore line: [Linking C executable cmTC_383a0]
  ignore line: [/usr/bin/cmake -E cmake_link_script CMakeFiles/cmTC_383a0.dir/link.txt --verbose=1]
  ignore line: [/home/jok3r/x-tools/aarch64-rpi4-linux-gnu/bin/aarch64-rpi4-linux-gnu-gcc  -v CMakeFiles/cmTC_383a0.dir/CMakeCCompilerABI.c.o -o cmTC_383a0 ]
  ignore line: [Using built-in specs.]
  ignore line: [COLLECT_GCC=/home/jok3r/x-tools/aarch64-rpi4-linux-gnu/bin/aarch64-rpi4-linux-gnu-gcc]
  ignore line: [COLLECT_LTO_WRAPPER=/home/jok3r/x-tools/aarch64-rpi4-linux-gnu/libexec/gcc/aarch64-rpi4-linux-gnu/9.5.0/lto-wrapper]
  ignore line: [Target: aarch64-rpi4-linux-gnu]
  ignore line: [Configured with: /media/jok3r/0c8aed27-573e-4ed6-acb9-bd13e9be4906/crosstool-ng/.build/aarch64-rpi4-linux-gnu/src/gcc/configure --build=x86_64-build_pc-linux-gnu --host=x86_64-build_pc-linux-gnu --target=aarch64-rpi4-linux-gnu --prefix=/home/jok3r/x-tools/aarch64-rpi4-linux-gnu --exec_prefix=/home/jok3r/x-tools/aarch64-rpi4-linux-gnu --with-sysroot=/home/jok3r/x-tools/aarch64-rpi4-linux-gnu/aarch64-rpi4-linux-gnu/sysroot --enable-languages=c c++ --with-cpu=cortex-a72 --with-pkgversion='crosstool-NG UNKNOWN' --enable-__cxa_atexit --disable-tm-clone-registry --disable-libmudflap --disable-libgomp --disable-libssp --disable-libquadmath --disable-libquadmath-support --disable-libsanitizer --disable-libmpx --with-gmp=/media/jok3r/0c8aed27-573e-4ed6-acb9-bd13e9be4906/crosstool-ng/.build/aarch64-rpi4-linux-gnu/buildtools --with-mpfr=/media/jok3r/0c8aed27-573e-4ed6-acb9-bd13e9be4906/crosstool-ng/.build/aarch64-rpi4-linux-gnu/buildtools --with-mpc=/media/jok3r/0c8aed27-573e-4ed6-acb9-bd13e9be4906/crosstool-ng/.build/aarch64-rpi4-linux-gnu/buildtools --with-isl=/media/jok3r/0c8aed27-573e-4ed6-acb9-bd13e9be4906/crosstool-ng/.build/aarch64-rpi4-linux-gnu/buildtools --enable-lto --without-zstd --enable-threads=posix --enable-target-optspace --enable-plugin --enable-gold --disable-nls --disable-multilib --with-local-prefix=/home/jok3r/x-tools/aarch64-rpi4-linux-gnu/aarch64-rpi4-linux-gnu/sysroot --enable-long-long]
  ignore line: [Thread model: posix]
  ignore line: [gcc version 9.5.0 (crosstool-NG UNKNOWN) ]
  ignore line: [COMPILER_PATH=/home/jok3r/x-tools/aarch64-rpi4-linux-gnu/libexec/gcc/aarch64-rpi4-linux-gnu/9.5.0/:/home/jok3r/x-tools/aarch64-rpi4-linux-gnu/libexec/gcc/aarch64-rpi4-linux-gnu/9.5.0/:/home/jok3r/x-tools/aarch64-rpi4-linux-gnu/libexec/gcc/aarch64-rpi4-linux-gnu/:/home/jok3r/x-tools/aarch64-rpi4-linux-gnu/lib/gcc/aarch64-rpi4-linux-gnu/9.5.0/:/home/jok3r/x-tools/aarch64-rpi4-linux-gnu/lib/gcc/aarch64-rpi4-linux-gnu/:/home/jok3r/x-tools/aarch64-rpi4-linux-gnu/lib/gcc/aarch64-rpi4-linux-gnu/9.5.0/../../../../aarch64-rpi4-linux-gnu/bin/]
  ignore line: [LIBRARY_PATH=/home/jok3r/x-tools/aarch64-rpi4-linux-gnu/lib/gcc/aarch64-rpi4-linux-gnu/9.5.0/:/home/jok3r/x-tools/aarch64-rpi4-linux-gnu/lib/gcc/aarch64-rpi4-linux-gnu/9.5.0/../../../../aarch64-rpi4-linux-gnu/lib/../lib64/:/home/jok3r/x-tools/aarch64-rpi4-linux-gnu/aarch64-rpi4-linux-gnu/sysroot/lib/../lib64/:/home/jok3r/x-tools/aarch64-rpi4-linux-gnu/aarch64-rpi4-linux-gnu/sysroot/usr/lib/../lib64/:/home/jok3r/x-tools/aarch64-rpi4-linux-gnu/lib/gcc/aarch64-rpi4-linux-gnu/9.5.0/../../../../aarch64-rpi4-linux-gnu/lib/:/home/jok3r/x-tools/aarch64-rpi4-linux-gnu/aarch64-rpi4-linux-gnu/sysroot/lib/:/home/jok3r/x-tools/aarch64-rpi4-linux-gnu/aarch64-rpi4-linux-gnu/sysroot/usr/lib/]
  ignore line: [COLLECT_GCC_OPTIONS='-v' '-o' 'cmTC_383a0' '-mcpu=cortex-a72' '-mlittle-endian' '-mabi=lp64']
  link line: [ /home/jok3r/x-tools/aarch64-rpi4-linux-gnu/libexec/gcc/aarch64-rpi4-linux-gnu/9.5.0/collect2 -plugin /home/jok3r/x-tools/aarch64-rpi4-linux-gnu/libexec/gcc/aarch64-rpi4-linux-gnu/9.5.0/liblto_plugin.so -plugin-opt=/home/jok3r/x-tools/aarch64-rpi4-linux-gnu/libexec/gcc/aarch64-rpi4-linux-gnu/9.5.0/lto-wrapper -plugin-opt=-fresolution=/tmp/ccMbfagx.res -plugin-opt=-pass-through=-lgcc -plugin-opt=-pass-through=-lgcc_s -plugin-opt=-pass-through=-lc -plugin-opt=-pass-through=-lgcc -plugin-opt=-pass-through=-lgcc_s --sysroot=/home/jok3r/x-tools/aarch64-rpi4-linux-gnu/aarch64-rpi4-linux-gnu/sysroot --eh-frame-hdr -dynamic-linker /lib/ld-linux-aarch64.so.1 -X -EL -maarch64linux -o cmTC_383a0 /home/jok3r/x-tools/aarch64-rpi4-linux-gnu/aarch64-rpi4-linux-gnu/sysroot/usr/lib/../lib64/crt1.o /home/jok3r/x-tools/aarch64-rpi4-linux-gnu/aarch64-rpi4-linux-gnu/sysroot/usr/lib/../lib64/crti.o /home/jok3r/x-tools/aarch64-rpi4-linux-gnu/lib/gcc/aarch64-rpi4-linux-gnu/9.5.0/crtbegin.o -L/home/jok3r/x-tools/aarch64-rpi4-linux-gnu/lib/gcc/aarch64-rpi4-linux-gnu/9.5.0 -L/home/jok3r/x-tools/aarch64-rpi4-linux-gnu/lib/gcc/aarch64-rpi4-linux-gnu/9.5.0/../../../../aarch64-rpi4-linux-gnu/lib/../lib64 -L/home/jok3r/x-tools/aarch64-rpi4-linux-gnu/aarch64-rpi4-linux-gnu/sysroot/lib/../lib64 -L/home/jok3r/x-tools/aarch64-rpi4-linux-gnu/aarch64-rpi4-linux-gnu/sysroot/usr/lib/../lib64 -L/home/jok3r/x-tools/aarch64-rpi4-linux-gnu/lib/gcc/aarch64-rpi4-linux-gnu/9.5.0/../../../../aarch64-rpi4-linux-gnu/lib -L/home/jok3r/x-tools/aarch64-rpi4-linux-gnu/aarch64-rpi4-linux-gnu/sysroot/lib -L/home/jok3r/x-tools/aarch64-rpi4-linux-gnu/aarch64-rpi4-linux-gnu/sysroot/usr/lib CMakeFiles/cmTC_383a0.dir/CMakeCCompilerABI.c.o -lgcc --push-state --as-needed -lgcc_s --pop-state -lc -lgcc --push-state --as-needed -lgcc_s --pop-state /home/jok3r/x-tools/aarch64-rpi4-linux-gnu/lib/gcc/aarch64-rpi4-linux-gnu/9.5.0/crtend.o /home/jok3r/x-tools/aarch64-rpi4-linux-gnu/aarch64-rpi4-linux-gnu/sysroot/usr/lib/../lib64/crtn.o]
    arg [/home/jok3r/x-tools/aarch64-rpi4-linux-gnu/libexec/gcc/aarch64-rpi4-linux-gnu/9.5.0/collect2] ==> ignore
    arg [-plugin] ==> ignore
    arg [/home/jok3r/x-tools/aarch64-rpi4-linux-gnu/libexec/gcc/aarch64-rpi4-linux-gnu/9.5.0/liblto_plugin.so] ==> ignore
    arg [-plugin-opt=/home/jok3r/x-tools/aarch64-rpi4-linux-gnu/libexec/gcc/aarch64-rpi4-linux-gnu/9.5.0/lto-wrapper] ==> ignore
    arg [-plugin-opt=-fresolution=/tmp/ccMbfagx.res] ==> ignore
    arg [-plugin-opt=-pass-through=-lgcc] ==> ignore
    arg [-plugin-opt=-pass-through=-lgcc_s] ==> ignore
    arg [-plugin-opt=-pass-through=-lc] ==> ignore
    arg [-plugin-opt=-pass-through=-lgcc] ==> ignore
    arg [-plugin-opt=-pass-through=-lgcc_s] ==> ignore
    arg [--sysroot=/home/jok3r/x-tools/aarch64-rpi4-linux-gnu/aarch64-rpi4-linux-gnu/sysroot] ==> ignore
    arg [--eh-frame-hdr] ==> ignore
    arg [-dynamic-linker] ==> ignore
    arg [/lib/ld-linux-aarch64.so.1] ==> ignore
    arg [-X] ==> ignore
    arg [-EL] ==> ignore
    arg [-maarch64linux] ==> ignore
    arg [-o] ==> ignore
    arg [cmTC_383a0] ==> ignore
    arg [/home/jok3r/x-tools/aarch64-rpi4-linux-gnu/aarch64-rpi4-linux-gnu/sysroot/usr/lib/../lib64/crt1.o] ==> obj [/home/jok3r/x-tools/aarch64-rpi4-linux-gnu/aarch64-rpi4-linux-gnu/sysroot/usr/lib/../lib64/crt1.o]
    arg [/home/jok3r/x-tools/aarch64-rpi4-linux-gnu/aarch64-rpi4-linux-gnu/sysroot/usr/lib/../lib64/crti.o] ==> obj [/home/jok3r/x-tools/aarch64-rpi4-linux-gnu/aarch64-rpi4-linux-gnu/sysroot/usr/lib/../lib64/crti.o]
    arg [/home/jok3r/x-tools/aarch64-rpi4-linux-gnu/lib/gcc/aarch64-rpi4-linux-gnu/9.5.0/crtbegin.o] ==> obj [/home/jok3r/x-tools/aarch64-rpi4-linux-gnu/lib/gcc/aarch64-rpi4-linux-gnu/9.5.0/crtbegin.o]
    arg [-L/home/jok3r/x-tools/aarch64-rpi4-linux-gnu/lib/gcc/aarch64-rpi4-linux-gnu/9.5.0] ==> dir [/home/jok3r/x-tools/aarch64-rpi4-linux-gnu/lib/gcc/aarch64-rpi4-linux-gnu/9.5.0]
    arg [-L/home/jok3r/x-tools/aarch64-rpi4-linux-gnu/lib/gcc/aarch64-rpi4-linux-gnu/9.5.0/../../../../aarch64-rpi4-linux-gnu/lib/../lib64] ==> dir [/home/jok3r/x-tools/aarch64-rpi4-linux-gnu/lib/gcc/aarch64-rpi4-linux-gnu/9.5.0/../../../../aarch64-rpi4-linux-gnu/lib/../lib64]
    arg [-L/home/jok3r/x-tools/aarch64-rpi4-linux-gnu/aarch64-rpi4-linux-gnu/sysroot/lib/../lib64] ==> dir [/home/jok3r/x-tools/aarch64-rpi4-linux-gnu/aarch64-rpi4-linux-gnu/sysroot/lib/../lib64]
    arg [-L/home/jok3r/x-tools/aarch64-rpi4-linux-gnu/aarch64-rpi4-linux-gnu/sysroot/usr/lib/../lib64] ==> dir [/home/jok3r/x-tools/aarch64-rpi4-linux-gnu/aarch64-rpi4-linux-gnu/sysroot/usr/lib/../lib64]
    arg [-L/home/jok3r/x-tools/aarch64-rpi4-linux-gnu/lib/gcc/aarch64-rpi4-linux-gnu/9.5.0/../../../../aarch64-rpi4-linux-gnu/lib] ==> dir [/home/jok3r/x-tools/aarch64-rpi4-linux-gnu/lib/gcc/aarch64-rpi4-linux-gnu/9.5.0/../../../../aarch64-rpi4-linux-gnu/lib]
    arg [-L/home/jok3r/x-tools/aarch64-rpi4-linux-gnu/aarch64-rpi4-linux-gnu/sysroot/lib] ==> dir [/home/jok3r/x-tools/aarch64-rpi4-linux-gnu/aarch64-rpi4-linux-gnu/sysroot/lib]
    arg [-L/home/jok3r/x-tools/aarch64-rpi4-linux-gnu/aarch64-rpi4-linux-gnu/sysroot/usr/lib] ==> dir [/home/jok3r/x-tools/aarch64-rpi4-linux-gnu/aarch64-rpi4-linux-gnu/sysroot/usr/lib]
    arg [CMakeFiles/cmTC_383a0.dir/CMakeCCompilerABI.c.o] ==> ignore
    arg [-lgcc] ==> lib [gcc]
    arg [--push-state] ==> ignore
    arg [--as-needed] ==> ignore
    arg [-lgcc_s] ==> lib [gcc_s]
    arg [--pop-state] ==> ignore
    arg [-lc] ==> lib [c]
    arg [-lgcc] ==> lib [gcc]
    arg [--push-state] ==> ignore
    arg [--as-needed] ==> ignore
    arg [-lgcc_s] ==> lib [gcc_s]
    arg [--pop-state] ==> ignore
    arg [/home/jok3r/x-tools/aarch64-rpi4-linux-gnu/lib/gcc/aarch64-rpi4-linux-gnu/9.5.0/crtend.o] ==> obj [/home/jok3r/x-tools/aarch64-rpi4-linux-gnu/lib/gcc/aarch64-rpi4-linux-gnu/9.5.0/crtend.o]
    arg [/home/jok3r/x-tools/aarch64-rpi4-linux-gnu/aarch64-rpi4-linux-gnu/sysroot/usr/lib/../lib64/crtn.o] ==> obj [/home/jok3r/x-tools/aarch64-rpi4-linux-gnu/aarch64-rpi4-linux-gnu/sysroot/usr/lib/../lib64/crtn.o]
  collapse obj [/home/jok3r/x-tools/aarch64-rpi4-linux-gnu/aarch64-rpi4-linux-gnu/sysroot/usr/lib/../lib64/crt1.o] ==> [/home/jok3r/x-tools/aarch64-rpi4-linux-gnu/aarch64-rpi4-linux-gnu/sysroot/usr/lib64/crt1.o]
  collapse obj [/home/jok3r/x-tools/aarch64-rpi4-linux-gnu/aarch64-rpi4-linux-gnu/sysroot/usr/lib/../lib64/crti.o] ==> [/home/jok3r/x-tools/aarch64-rpi4-linux-gnu/aarch64-rpi4-linux-gnu/sysroot/usr/lib64/crti.o]
  collapse obj [/home/jok3r/x-tools/aarch64-rpi4-linux-gnu/aarch64-rpi4-linux-gnu/sysroot/usr/lib/../lib64/crtn.o] ==> [/home/jok3r/x-tools/aarch64-rpi4-linux-gnu/aarch64-rpi4-linux-gnu/sysroot/usr/lib64/crtn.o]
  collapse library dir [/home/jok3r/x-tools/aarch64-rpi4-linux-gnu/lib/gcc/aarch64-rpi4-linux-gnu/9.5.0] ==> [/home/jok3r/x-tools/aarch64-rpi4-linux-gnu/lib/gcc/aarch64-rpi4-linux-gnu/9.5.0]
  collapse library dir [/home/jok3r/x-tools/aarch64-rpi4-linux-gnu/lib/gcc/aarch64-rpi4-linux-gnu/9.5.0/../../../../aarch64-rpi4-linux-gnu/lib/../lib64] ==> [/home/jok3r/x-tools/aarch64-rpi4-linux-gnu/aarch64-rpi4-linux-gnu/lib64]
  collapse library dir [/home/jok3r/x-tools/aarch64-rpi4-linux-gnu/aarch64-rpi4-linux-gnu/sysroot/lib/../lib64] ==> [/home/jok3r/x-tools/aarch64-rpi4-linux-gnu/aarch64-rpi4-linux-gnu/sysroot/lib64]
  collapse library dir [/home/jok3r/x-tools/aarch64-rpi4-linux-gnu/aarch64-rpi4-linux-gnu/sysroot/usr/lib/../lib64] ==> [/home/jok3r/x-tools/aarch64-rpi4-linux-gnu/aarch64-rpi4-linux-gnu/sysroot/usr/lib64]
  collapse library dir [/home/jok3r/x-tools/aarch64-rpi4-linux-gnu/lib/gcc/aarch64-rpi4-linux-gnu/9.5.0/../../../../aarch64-rpi4-linux-gnu/lib] ==> [/home/jok3r/x-tools/aarch64-rpi4-linux-gnu/aarch64-rpi4-linux-gnu/lib]
  collapse library dir [/home/jok3r/x-tools/aarch64-rpi4-linux-gnu/aarch64-rpi4-linux-gnu/sysroot/lib] ==> [/home/jok3r/x-tools/aarch64-rpi4-linux-gnu/aarch64-rpi4-linux-gnu/sysroot/lib]
  collapse library dir [/home/jok3r/x-tools/aarch64-rpi4-linux-gnu/aarch64-rpi4-linux-gnu/sysroot/usr/lib] ==> [/home/jok3r/x-tools/aarch64-rpi4-linux-gnu/aarch64-rpi4-linux-gnu/sysroot/usr/lib]
  implicit libs: [gcc;gcc_s;c;gcc;gcc_s]
  implicit objs: [/home/jok3r/x-tools/aarch64-rpi4-linux-gnu/aarch64-rpi4-linux-gnu/sysroot/usr/lib64/crt1.o;/home/jok3r/x-tools/aarch64-rpi4-linux-gnu/aarch64-rpi4-linux-gnu/sysroot/usr/lib64/crti.o;/home/jok3r/x-tools/aarch64-rpi4-linux-gnu/lib/gcc/aarch64-rpi4-linux-gnu/9.5.0/crtbegin.o;/home/jok3r/x-tools/aarch64-rpi4-linux-gnu/lib/gcc/aarch64-rpi4-linux-gnu/9.5.0/crtend.o;/home/jok3r/x-tools/aarch64-rpi4-linux-gnu/aarch64-rpi4-linux-gnu/sysroot/usr/lib64/crtn.o]
  implicit dirs: [/home/jok3r/x-tools/aarch64-rpi4-linux-gnu/lib/gcc/aarch64-rpi4-linux-gnu/9.5.0;/home/jok3r/x-tools/aarch64-rpi4-linux-gnu/aarch64-rpi4-linux-gnu/lib64;/home/jok3r/x-tools/aarch64-rpi4-linux-gnu/aarch64-rpi4-linux-gnu/sysroot/lib64;/home/jok3r/x-tools/aarch64-rpi4-linux-gnu/aarch64-rpi4-linux-gnu/sysroot/usr/lib64;/home/jok3r/x-tools/aarch64-rpi4-linux-gnu/aarch64-rpi4-linux-gnu/lib;/home/jok3r/x-tools/aarch64-rpi4-linux-gnu/aarch64-rpi4-linux-gnu/sysroot/lib;/home/jok3r/x-tools/aarch64-rpi4-linux-gnu/aarch64-rpi4-linux-gnu/sysroot/usr/lib]
  implicit fwks: []


Detecting CXX compiler ABI info compiled with the following output:
Change Dir: /home/jok3r/application/build/CMakeFiles/CMakeTmp

Run Build Command(s):/usr/bin/gmake -f Makefile cmTC_1c678/fast && /usr/bin/gmake  -f CMakeFiles/cmTC_1c678.dir/build.make CMakeFiles/cmTC_1c678.dir/build
gmake[1]: Entering directory '/home/jok3r/application/build/CMakeFiles/CMakeTmp'
Building CXX object CMakeFiles/cmTC_1c678.dir/CMakeCXXCompilerABI.cpp.o
/home/jok3r/x-tools/aarch64-rpi4-linux-gnu/bin/aarch64-rpi4-linux-gnu-g++   -v -o CMakeFiles/cmTC_1c678.dir/CMakeCXXCompilerABI.cpp.o -c /usr/share/cmake-3.22/Modules/CMakeCXXCompilerABI.cpp
Using built-in specs.
COLLECT_GCC=/home/jok3r/x-tools/aarch64-rpi4-linux-gnu/bin/aarch64-rpi4-linux-gnu-g++
Target: aarch64-rpi4-linux-gnu
Configured with: /media/jok3r/0c8aed27-573e-4ed6-acb9-bd13e9be4906/crosstool-ng/.build/aarch64-rpi4-linux-gnu/src/gcc/configure --build=x86_64-build_pc-linux-gnu --host=x86_64-build_pc-linux-gnu --target=aarch64-rpi4-linux-gnu --prefix=/home/jok3r/x-tools/aarch64-rpi4-linux-gnu --exec_prefix=/home/jok3r/x-tools/aarch64-rpi4-linux-gnu --with-sysroot=/home/jok3r/x-tools/aarch64-rpi4-linux-gnu/aarch64-rpi4-linux-gnu/sysroot --enable-languages=c,c++ --with-cpu=cortex-a72 --with-pkgversion='crosstool-NG UNKNOWN' --enable-__cxa_atexit --disable-tm-clone-registry --disable-libmudflap --disable-libgomp --disable-libssp --disable-libquadmath --disable-libquadmath-support --disable-libsanitizer --disable-libmpx --with-gmp=/media/jok3r/0c8aed27-573e-4ed6-acb9-bd13e9be4906/crosstool-ng/.build/aarch64-rpi4-linux-gnu/buildtools --with-mpfr=/media/jok3r/0c8aed27-573e-4ed6-acb9-bd13e9be4906/crosstool-ng/.build/aarch64-rpi4-linux-gnu/buildtools --with-mpc=/media/jok3r/0c8aed27-573e-4ed6-acb9-bd13e9be4906/crosstool-ng/.build/aarch64-rpi4-linux-gnu/buildtools --with-isl=/media/jok3r/0c8aed27-573e-4ed6-acb9-bd13e9be4906/crosstool-ng/.build/aarch64-rpi4-linux-gnu/buildtools --enable-lto --without-zstd --enable-threads=posix --enable-target-optspace --enable-plugin --enable-gold --disable-nls --disable-multilib --with-local-prefix=/home/jok3r/x-tools/aarch64-rpi4-linux-gnu/aarch64-rpi4-linux-gnu/sysroot --enable-long-long
Thread model: posix
gcc version 9.5.0 (crosstool-NG UNKNOWN) 
COLLECT_GCC_OPTIONS='-v' '-o' 'CMakeFiles/cmTC_1c678.dir/CMakeCXXCompilerABI.cpp.o' '-c' '-shared-libgcc' '-mcpu=cortex-a72' '-mlittle-endian' '-mabi=lp64'
 /home/jok3r/x-tools/aarch64-rpi4-linux-gnu/libexec/gcc/aarch64-rpi4-linux-gnu/9.5.0/cc1plus -quiet -v -D_GNU_SOURCE /usr/share/cmake-3.22/Modules/CMakeCXXCompilerABI.cpp -quiet -dumpbase CMakeCXXCompilerABI.cpp -mcpu=cortex-a72 -mlittle-endian -mabi=lp64 -auxbase-strip CMakeFiles/cmTC_1c678.dir/CMakeCXXCompilerABI.cpp.o -version -o /tmp/cczWGzt9.s
GNU C++14 (crosstool-NG UNKNOWN) version 9.5.0 (aarch64-rpi4-linux-gnu)
	compiled by GNU C version 11.3.0, GMP version 6.2.1, MPFR version 4.1.0, MPC version 1.2.1, isl version isl-0.24-GMP

GGC heuristics: --param ggc-min-expand=100 --param ggc-min-heapsize=131072
ignoring nonexistent directory "/home/jok3r/x-tools/aarch64-rpi4-linux-gnu/aarch64-rpi4-linux-gnu/sysroot/home/jok3r/x-tools/aarch64-rpi4-linux-gnu/aarch64-rpi4-linux-gnu/sysroot/include"
#include "..." search starts here:
#include <...> search starts here:
 /home/jok3r/x-tools/aarch64-rpi4-linux-gnu/lib/gcc/aarch64-rpi4-linux-gnu/9.5.0/../../../../aarch64-rpi4-linux-gnu/include/c++/9.5.0
 /home/jok3r/x-tools/aarch64-rpi4-linux-gnu/lib/gcc/aarch64-rpi4-linux-gnu/9.5.0/../../../../aarch64-rpi4-linux-gnu/include/c++/9.5.0/aarch64-rpi4-linux-gnu
 /home/jok3r/x-tools/aarch64-rpi4-linux-gnu/lib/gcc/aarch64-rpi4-linux-gnu/9.5.0/../../../../aarch64-rpi4-linux-gnu/include/c++/9.5.0/backward
 /home/jok3r/x-tools/aarch64-rpi4-linux-gnu/lib/gcc/aarch64-rpi4-linux-gnu/9.5.0/include
 /home/jok3r/x-tools/aarch64-rpi4-linux-gnu/lib/gcc/aarch64-rpi4-linux-gnu/9.5.0/include-fixed
 /home/jok3r/x-tools/aarch64-rpi4-linux-gnu/lib/gcc/aarch64-rpi4-linux-gnu/9.5.0/../../../../aarch64-rpi4-linux-gnu/include
 /home/jok3r/x-tools/aarch64-rpi4-linux-gnu/aarch64-rpi4-linux-gnu/sysroot/usr/include
End of search list.
GNU C++14 (crosstool-NG UNKNOWN) version 9.5.0 (aarch64-rpi4-linux-gnu)
	compiled by GNU C version 11.3.0, GMP version 6.2.1, MPFR version 4.1.0, MPC version 1.2.1, isl version isl-0.24-GMP

GGC heuristics: --param ggc-min-expand=100 --param ggc-min-heapsize=131072
Compiler executable checksum: 9b6f3600e20c83aad9d9d51392e28fb7
COLLECT_GCC_OPTIONS='-v' '-o' 'CMakeFiles/cmTC_1c678.dir/CMakeCXXCompilerABI.cpp.o' '-c' '-shared-libgcc' '-mcpu=cortex-a72' '-mlittle-endian' '-mabi=lp64'
 /home/jok3r/x-tools/aarch64-rpi4-linux-gnu/lib/gcc/aarch64-rpi4-linux-gnu/9.5.0/../../../../aarch64-rpi4-linux-gnu/bin/as -v -EL -march=armv8-a+crc -mabi=lp64 -o CMakeFiles/cmTC_1c678.dir/CMakeCXXCompilerABI.cpp.o /tmp/cczWGzt9.s
GNU assembler version 2.35.1 (aarch64-rpi4-linux-gnu) using BFD version (crosstool-NG UNKNOWN) 2.35.1
COMPILER_PATH=/home/jok3r/x-tools/aarch64-rpi4-linux-gnu/libexec/gcc/aarch64-rpi4-linux-gnu/9.5.0/:/home/jok3r/x-tools/aarch64-rpi4-linux-gnu/libexec/gcc/aarch64-rpi4-linux-gnu/9.5.0/:/home/jok3r/x-tools/aarch64-rpi4-linux-gnu/libexec/gcc/aarch64-rpi4-linux-gnu/:/home/jok3r/x-tools/aarch64-rpi4-linux-gnu/lib/gcc/aarch64-rpi4-linux-gnu/9.5.0/:/home/jok3r/x-tools/aarch64-rpi4-linux-gnu/lib/gcc/aarch64-rpi4-linux-gnu/:/home/jok3r/x-tools/aarch64-rpi4-linux-gnu/lib/gcc/aarch64-rpi4-linux-gnu/9.5.0/../../../../aarch64-rpi4-linux-gnu/bin/
LIBRARY_PATH=/home/jok3r/x-tools/aarch64-rpi4-linux-gnu/lib/gcc/aarch64-rpi4-linux-gnu/9.5.0/:/home/jok3r/x-tools/aarch64-rpi4-linux-gnu/lib/gcc/aarch64-rpi4-linux-gnu/9.5.0/../../../../aarch64-rpi4-linux-gnu/lib/../lib64/:/home/jok3r/x-tools/aarch64-rpi4-linux-gnu/aarch64-rpi4-linux-gnu/sysroot/lib/../lib64/:/home/jok3r/x-tools/aarch64-rpi4-linux-gnu/aarch64-rpi4-linux-gnu/sysroot/usr/lib/../lib64/:/home/jok3r/x-tools/aarch64-rpi4-linux-gnu/lib/gcc/aarch64-rpi4-linux-gnu/9.5.0/../../../../aarch64-rpi4-linux-gnu/lib/:/home/jok3r/x-tools/aarch64-rpi4-linux-gnu/aarch64-rpi4-linux-gnu/sysroot/lib/:/home/jok3r/x-tools/aarch64-rpi4-linux-gnu/aarch64-rpi4-linux-gnu/sysroot/usr/lib/
COLLECT_GCC_OPTIONS='-v' '-o' 'CMakeFiles/cmTC_1c678.dir/CMakeCXXCompilerABI.cpp.o' '-c' '-shared-libgcc' '-mcpu=cortex-a72' '-mlittle-endian' '-mabi=lp64'
Linking CXX executable cmTC_1c678
/usr/bin/cmake -E cmake_link_script CMakeFiles/cmTC_1c678.dir/link.txt --verbose=1
/home/jok3r/x-tools/aarch64-rpi4-linux-gnu/bin/aarch64-rpi4-linux-gnu-g++  -v CMakeFiles/cmTC_1c678.dir/CMakeCXXCompilerABI.cpp.o -o cmTC_1c678 
Using built-in specs.
COLLECT_GCC=/home/jok3r/x-tools/aarch64-rpi4-linux-gnu/bin/aarch64-rpi4-linux-gnu-g++
COLLECT_LTO_WRAPPER=/home/jok3r/x-tools/aarch64-rpi4-linux-gnu/libexec/gcc/aarch64-rpi4-linux-gnu/9.5.0/lto-wrapper
Target: aarch64-rpi4-linux-gnu
Configured with: /media/jok3r/0c8aed27-573e-4ed6-acb9-bd13e9be4906/crosstool-ng/.build/aarch64-rpi4-linux-gnu/src/gcc/configure --build=x86_64-build_pc-linux-gnu --host=x86_64-build_pc-linux-gnu --target=aarch64-rpi4-linux-gnu --prefix=/home/jok3r/x-tools/aarch64-rpi4-linux-gnu --exec_prefix=/home/jok3r/x-tools/aarch64-rpi4-linux-gnu --with-sysroot=/home/jok3r/x-tools/aarch64-rpi4-linux-gnu/aarch64-rpi4-linux-gnu/sysroot --enable-languages=c,c++ --with-cpu=cortex-a72 --with-pkgversion='crosstool-NG UNKNOWN' --enable-__cxa_atexit --disable-tm-clone-registry --disable-libmudflap --disable-libgomp --disable-libssp --disable-libquadmath --disable-libquadmath-support --disable-libsanitizer --disable-libmpx --with-gmp=/media/jok3r/0c8aed27-573e-4ed6-acb9-bd13e9be4906/crosstool-ng/.build/aarch64-rpi4-linux-gnu/buildtools --with-mpfr=/media/jok3r/0c8aed27-573e-4ed6-acb9-bd13e9be4906/crosstool-ng/.build/aarch64-rpi4-linux-gnu/buildtools --with-mpc=/media/jok3r/0c8aed27-573e-4ed6-acb9-bd13e9be4906/crosstool-ng/.build/aarch64-rpi4-linux-gnu/buildtools --with-isl=/media/jok3r/0c8aed27-573e-4ed6-acb9-bd13e9be4906/crosstool-ng/.build/aarch64-rpi4-linux-gnu/buildtools --enable-lto --without-zstd --enable-threads=posix --enable-target-optspace --enable-plugin --enable-gold --disable-nls --disable-multilib --with-local-prefix=/home/jok3r/x-tools/aarch64-rpi4-linux-gnu/aarch64-rpi4-linux-gnu/sysroot --enable-long-long
Thread model: posix
gcc version 9.5.0 (crosstool-NG UNKNOWN) 
COMPILER_PATH=/home/jok3r/x-tools/aarch64-rpi4-linux-gnu/libexec/gcc/aarch64-rpi4-linux-gnu/9.5.0/:/home/jok3r/x-tools/aarch64-rpi4-linux-gnu/libexec/gcc/aarch64-rpi4-linux-gnu/9.5.0/:/home/jok3r/x-tools/aarch64-rpi4-linux-gnu/libexec/gcc/aarch64-rpi4-linux-gnu/:/home/jok3r/x-tools/aarch64-rpi4-linux-gnu/lib/gcc/aarch64-rpi4-linux-gnu/9.5.0/:/home/jok3r/x-tools/aarch64-rpi4-linux-gnu/lib/gcc/aarch64-rpi4-linux-gnu/:/home/jok3r/x-tools/aarch64-rpi4-linux-gnu/lib/gcc/aarch64-rpi4-linux-gnu/9.5.0/../../../../aarch64-rpi4-linux-gnu/bin/
LIBRARY_PATH=/home/jok3r/x-tools/aarch64-rpi4-linux-gnu/lib/gcc/aarch64-rpi4-linux-gnu/9.5.0/:/home/jok3r/x-tools/aarch64-rpi4-linux-gnu/lib/gcc/aarch64-rpi4-linux-gnu/9.5.0/../../../../aarch64-rpi4-linux-gnu/lib/../lib64/:/home/jok3r/x-tools/aarch64-rpi4-linux-gnu/aarch64-rpi4-linux-gnu/sysroot/lib/../lib64/:/home/jok3r/x-tools/aarch64-rpi4-linux-gnu/aarch64-rpi4-linux-gnu/sysroot/usr/lib/../lib64/:/home/jok3r/x-tools/aarch64-rpi4-linux-gnu/lib/gcc/aarch64-rpi4-linux-gnu/9.5.0/../../../../aarch64-rpi4-linux-gnu/lib/:/home/jok3r/x-tools/aarch64-rpi4-linux-gnu/aarch64-rpi4-linux-gnu/sysroot/lib/:/home/jok3r/x-tools/aarch64-rpi4-linux-gnu/aarch64-rpi4-linux-gnu/sysroot/usr/lib/
COLLECT_GCC_OPTIONS='-v' '-o' 'cmTC_1c678' '-shared-libgcc' '-mcpu=cortex-a72' '-mlittle-endian' '-mabi=lp64'
 /home/jok3r/x-tools/aarch64-rpi4-linux-gnu/libexec/gcc/aarch64-rpi4-linux-gnu/9.5.0/collect2 -plugin /home/jok3r/x-tools/aarch64-rpi4-linux-gnu/libexec/gcc/aarch64-rpi4-linux-gnu/9.5.0/liblto_plugin.so -plugin-opt=/home/jok3r/x-tools/aarch64-rpi4-linux-gnu/libexec/gcc/aarch64-rpi4-linux-gnu/9.5.0/lto-wrapper -plugin-opt=-fresolution=/tmp/ccJjvUfe.res -plugin-opt=-pass-through=-lgcc_s -plugin-opt=-pass-through=-lgcc -plugin-opt=-pass-through=-lc -plugin-opt=-pass-through=-lgcc_s -plugin-opt=-pass-through=-lgcc --sysroot=/home/jok3r/x-tools/aarch64-rpi4-linux-gnu/aarch64-rpi4-linux-gnu/sysroot --eh-frame-hdr -dynamic-linker /lib/ld-linux-aarch64.so.1 -X -EL -maarch64linux -o cmTC_1c678 /home/jok3r/x-tools/aarch64-rpi4-linux-gnu/aarch64-rpi4-linux-gnu/sysroot/usr/lib/../lib64/crt1.o /home/jok3r/x-tools/aarch64-rpi4-linux-gnu/aarch64-rpi4-linux-gnu/sysroot/usr/lib/../lib64/crti.o /home/jok3r/x-tools/aarch64-rpi4-linux-gnu/lib/gcc/aarch64-rpi4-linux-gnu/9.5.0/crtbegin.o -L/home/jok3r/x-tools/aarch64-rpi4-linux-gnu/lib/gcc/aarch64-rpi4-linux-gnu/9.5.0 -L/home/jok3r/x-tools/aarch64-rpi4-linux-gnu/lib/gcc/aarch64-rpi4-linux-gnu/9.5.0/../../../../aarch64-rpi4-linux-gnu/lib/../lib64 -L/home/jok3r/x-tools/aarch64-rpi4-linux-gnu/aarch64-rpi4-linux-gnu/sysroot/lib/../lib64 -L/home/jok3r/x-tools/aarch64-rpi4-linux-gnu/aarch64-rpi4-linux-gnu/sysroot/usr/lib/../lib64 -L/home/jok3r/x-tools/aarch64-rpi4-linux-gnu/lib/gcc/aarch64-rpi4-linux-gnu/9.5.0/../../../../aarch64-rpi4-linux-gnu/lib -L/home/jok3r/x-tools/aarch64-rpi4-linux-gnu/aarch64-rpi4-linux-gnu/sysroot/lib -L/home/jok3r/x-tools/aarch64-rpi4-linux-gnu/aarch64-rpi4-linux-gnu/sysroot/usr/lib CMakeFiles/cmTC_1c678.dir/CMakeCXXCompilerABI.cpp.o -lstdc++ -lm -lgcc_s -lgcc -lc -lgcc_s -lgcc /home/jok3r/x-tools/aarch64-rpi4-linux-gnu/lib/gcc/aarch64-rpi4-linux-gnu/9.5.0/crtend.o /home/jok3r/x-tools/aarch64-rpi4-linux-gnu/aarch64-rpi4-linux-gnu/sysroot/usr/lib/../lib64/crtn.o
COLLECT_GCC_OPTIONS='-v' '-o' 'cmTC_1c678' '-shared-libgcc' '-mcpu=cortex-a72' '-mlittle-endian' '-mabi=lp64'
gmake[1]: Leaving directory '/home/jok3r/application/build/CMakeFiles/CMakeTmp'



Parsed CXX implicit include dir info from above output: rv=done
  found start of include info
  found start of implicit include info
    add: [/home/jok3r/x-tools/aarch64-rpi4-linux-gnu/lib/gcc/aarch64-rpi4-linux-gnu/9.5.0/../../../../aarch64-rpi4-linux-gnu/include/c++/9.5.0]
    add: [/home/jok3r/x-tools/aarch64-rpi4-linux-gnu/lib/gcc/aarch64-rpi4-linux-gnu/9.5.0/../../../../aarch64-rpi4-linux-gnu/include/c++/9.5.0/aarch64-rpi4-linux-gnu]
    add: [/home/jok3r/x-tools/aarch64-rpi4-linux-gnu/lib/gcc/aarch64-rpi4-linux-gnu/9.5.0/../../../../aarch64-rpi4-linux-gnu/include/c++/9.5.0/backward]
    add: [/home/jok3r/x-tools/aarch64-rpi4-linux-gnu/lib/gcc/aarch64-rpi4-linux-gnu/9.5.0/include]
    add: [/home/jok3r/x-tools/aarch64-rpi4-linux-gnu/lib/gcc/aarch64-rpi4-linux-gnu/9.5.0/include-fixed]
    add: [/home/jok3r/x-tools/aarch64-rpi4-linux-gnu/lib/gcc/aarch64-rpi4-linux-gnu/9.5.0/../../../../aarch64-rpi4-linux-gnu/include]
    add: [/home/jok3r/x-tools/aarch64-rpi4-linux-gnu/aarch64-rpi4-linux-gnu/sysroot/usr/include]
  end of search list found
  collapse include dir [/home/jok3r/x-tools/aarch64-rpi4-linux-gnu/lib/gcc/aarch64-rpi4-linux-gnu/9.5.0/../../../../aarch64-rpi4-linux-gnu/include/c++/9.5.0] ==> [/home/jok3r/x-tools/aarch64-rpi4-linux-gnu/aarch64-rpi4-linux-gnu/include/c++/9.5.0]
  collapse include dir [/home/jok3r/x-tools/aarch64-rpi4-linux-gnu/lib/gcc/aarch64-rpi4-linux-gnu/9.5.0/../../../../aarch64-rpi4-linux-gnu/include/c++/9.5.0/aarch64-rpi4-linux-gnu] ==> [/home/jok3r/x-tools/aarch64-rpi4-linux-gnu/aarch64-rpi4-linux-gnu/include/c++/9.5.0/aarch64-rpi4-linux-gnu]
  collapse include dir [/home/jok3r/x-tools/aarch64-rpi4-linux-gnu/lib/gcc/aarch64-rpi4-linux-gnu/9.5.0/../../../../aarch64-rpi4-linux-gnu/include/c++/9.5.0/backward] ==> [/home/jok3r/x-tools/aarch64-rpi4-linux-gnu/aarch64-rpi4-linux-gnu/include/c++/9.5.0/backward]
  collapse include dir [/home/jok3r/x-tools/aarch64-rpi4-linux-gnu/lib/gcc/aarch64-rpi4-linux-gnu/9.5.0/include] ==> [/home/jok3r/x-tools/aarch64-rpi4-linux-gnu/lib/gcc/aarch64-rpi4-linux-gnu/9.5.0/include]
  collapse include dir [/home/jok3r/x-tools/aarch64-rpi4-linux-gnu/lib/gcc/aarch64-rpi4-linux-gnu/9.5.0/include-fixed] ==> [/home/jok3r/x-tools/aarch64-rpi4-linux-gnu/lib/gcc/aarch64-rpi4-linux-gnu/9.5.0/include-fixed]
  collapse include dir [/home/jok3r/x-tools/aarch64-rpi4-linux-gnu/lib/gcc/aarch64-rpi4-linux-gnu/9.5.0/../../../../aarch64-rpi4-linux-gnu/include] ==> [/home/jok3r/x-tools/aarch64-rpi4-linux-gnu/aarch64-rpi4-linux-gnu/include]
  collapse include dir [/home/jok3r/x-tools/aarch64-rpi4-linux-gnu/aarch64-rpi4-linux-gnu/sysroot/usr/include] ==> [/home/jok3r/x-tools/aarch64-rpi4-linux-gnu/aarch64-rpi4-linux-gnu/sysroot/usr/include]
  implicit include dirs: [/home/jok3r/x-tools/aarch64-rpi4-linux-gnu/aarch64-rpi4-linux-gnu/include/c++/9.5.0;/home/jok3r/x-tools/aarch64-rpi4-linux-gnu/aarch64-rpi4-linux-gnu/include/c++/9.5.0/aarch64-rpi4-linux-gnu;/home/jok3r/x-tools/aarch64-rpi4-linux-gnu/aarch64-rpi4-linux-gnu/include/c++/9.5.0/backward;/home/jok3r/x-tools/aarch64-rpi4-linux-gnu/lib/gcc/aarch64-rpi4-linux-gnu/9.5.0/include;/home/jok3r/x-tools/aarch64-rpi4-linux-gnu/lib/gcc/aarch64-rpi4-linux-gnu/9.5.0/include-fixed;/home/jok3r/x-tools/aarch64-rpi4-linux-gnu/aarch64-rpi4-linux-gnu/include;/home/jok3r/x-tools/aarch64-rpi4-linux-gnu/aarch64-rpi4-linux-gnu/sysroot/usr/include]


Parsed CXX implicit link information from above output:
  link line regex: [^( *|.*[/\])(aarch64-rpi4-linux-gnu-ld|CMAKE_LINK_STARTFILE-NOTFOUND|([^/\]+-)?ld|collect2)[^/\]*( |$)]
  ignore line: [Change Dir: /home/jok3r/application/build/CMakeFiles/CMakeTmp]
  ignore line: []
  ignore line: [Run Build Command(s):/usr/bin/gmake -f Makefile cmTC_1c678/fast && /usr/bin/gmake  -f CMakeFiles/cmTC_1c678.dir/build.make CMakeFiles/cmTC_1c678.dir/build]
  ignore line: [gmake[1]: Entering directory '/home/jok3r/application/build/CMakeFiles/CMakeTmp']
  ignore line: [Building CXX object CMakeFiles/cmTC_1c678.dir/CMakeCXXCompilerABI.cpp.o]
  ignore line: [/home/jok3r/x-tools/aarch64-rpi4-linux-gnu/bin/aarch64-rpi4-linux-gnu-g++   -v -o CMakeFiles/cmTC_1c678.dir/CMakeCXXCompilerABI.cpp.o -c /usr/share/cmake-3.22/Modules/CMakeCXXCompilerABI.cpp]
  ignore line: [Using built-in specs.]
  ignore line: [COLLECT_GCC=/home/jok3r/x-tools/aarch64-rpi4-linux-gnu/bin/aarch64-rpi4-linux-gnu-g++]
  ignore line: [Target: aarch64-rpi4-linux-gnu]
  ignore line: [Configured with: /media/jok3r/0c8aed27-573e-4ed6-acb9-bd13e9be4906/crosstool-ng/.build/aarch64-rpi4-linux-gnu/src/gcc/configure --build=x86_64-build_pc-linux-gnu --host=x86_64-build_pc-linux-gnu --target=aarch64-rpi4-linux-gnu --prefix=/home/jok3r/x-tools/aarch64-rpi4-linux-gnu --exec_prefix=/home/jok3r/x-tools/aarch64-rpi4-linux-gnu --with-sysroot=/home/jok3r/x-tools/aarch64-rpi4-linux-gnu/aarch64-rpi4-linux-gnu/sysroot --enable-languages=c c++ --with-cpu=cortex-a72 --with-pkgversion='crosstool-NG UNKNOWN' --enable-__cxa_atexit --disable-tm-clone-registry --disable-libmudflap --disable-libgomp --disable-libssp --disable-libquadmath --disable-libquadmath-support --disable-libsanitizer --disable-libmpx --with-gmp=/media/jok3r/0c8aed27-573e-4ed6-acb9-bd13e9be4906/crosstool-ng/.build/aarch64-rpi4-linux-gnu/buildtools --with-mpfr=/media/jok3r/0c8aed27-573e-4ed6-acb9-bd13e9be4906/crosstool-ng/.build/aarch64-rpi4-linux-gnu/buildtools --with-mpc=/media/jok3r/0c8aed27-573e-4ed6-acb9-bd13e9be4906/crosstool-ng/.build/aarch64-rpi4-linux-gnu/buildtools --with-isl=/media/jok3r/0c8aed27-573e-4ed6-acb9-bd13e9be4906/crosstool-ng/.build/aarch64-rpi4-linux-gnu/buildtools --enable-lto --without-zstd --enable-threads=posix --enable-target-optspace --enable-plugin --enable-gold --disable-nls --disable-multilib --with-local-prefix=/home/jok3r/x-tools/aarch64-rpi4-linux-gnu/aarch64-rpi4-linux-gnu/sysroot --enable-long-long]
  ignore line: [Thread model: posix]
  ignore line: [gcc version 9.5.0 (crosstool-NG UNKNOWN) ]
  ignore line: [COLLECT_GCC_OPTIONS='-v' '-o' 'CMakeFiles/cmTC_1c678.dir/CMakeCXXCompilerABI.cpp.o' '-c' '-shared-libgcc' '-mcpu=cortex-a72' '-mlittle-endian' '-mabi=lp64']
  ignore line: [ /home/jok3r/x-tools/aarch64-rpi4-linux-gnu/libexec/gcc/aarch64-rpi4-linux-gnu/9.5.0/cc1plus -quiet -v -D_GNU_SOURCE /usr/share/cmake-3.22/Modules/CMakeCXXCompilerABI.cpp -quiet -dumpbase CMakeCXXCompilerABI.cpp -mcpu=cortex-a72 -mlittle-endian -mabi=lp64 -auxbase-strip CMakeFiles/cmTC_1c678.dir/CMakeCXXCompilerABI.cpp.o -version -o /tmp/cczWGzt9.s]
  ignore line: [GNU C++14 (crosstool-NG UNKNOWN) version 9.5.0 (aarch64-rpi4-linux-gnu)]
  ignore line: [	compiled by GNU C version 11.3.0  GMP version 6.2.1  MPFR version 4.1.0  MPC version 1.2.1  isl version isl-0.24-GMP]
  ignore line: []
  ignore line: [GGC heuristics: --param ggc-min-expand=100 --param ggc-min-heapsize=131072]
  ignore line: [ignoring nonexistent directory "/home/jok3r/x-tools/aarch64-rpi4-linux-gnu/aarch64-rpi4-linux-gnu/sysroot/home/jok3r/x-tools/aarch64-rpi4-linux-gnu/aarch64-rpi4-linux-gnu/sysroot/include"]
  ignore line: [#include "..." search starts here:]
  ignore line: [#include <...> search starts here:]
  ignore line: [ /home/jok3r/x-tools/aarch64-rpi4-linux-gnu/lib/gcc/aarch64-rpi4-linux-gnu/9.5.0/../../../../aarch64-rpi4-linux-gnu/include/c++/9.5.0]
  ignore line: [ /home/jok3r/x-tools/aarch64-rpi4-linux-gnu/lib/gcc/aarch64-rpi4-linux-gnu/9.5.0/../../../../aarch64-rpi4-linux-gnu/include/c++/9.5.0/aarch64-rpi4-linux-gnu]
  ignore line: [ /home/jok3r/x-tools/aarch64-rpi4-linux-gnu/lib/gcc/aarch64-rpi4-linux-gnu/9.5.0/../../../../aarch64-rpi4-linux-gnu/include/c++/9.5.0/backward]
  ignore line: [ /home/jok3r/x-tools/aarch64-rpi4-linux-gnu/lib/gcc/aarch64-rpi4-linux-gnu/9.5.0/include]
  ignore line: [ /home/jok3r/x-tools/aarch64-rpi4-linux-gnu/lib/gcc/aarch64-rpi4-linux-gnu/9.5.0/include-fixed]
  ignore line: [ /home/jok3r/x-tools/aarch64-rpi4-linux-gnu/lib/gcc/aarch64-rpi4-linux-gnu/9.5.0/../../../../aarch64-rpi4-linux-gnu/include]
  ignore line: [ /home/jok3r/x-tools/aarch64-rpi4-linux-gnu/aarch64-rpi4-linux-gnu/sysroot/usr/include]
  ignore line: [End of search list.]
  ignore line: [GNU C++14 (crosstool-NG UNKNOWN) version 9.5.0 (aarch64-rpi4-linux-gnu)]
  ignore line: [	compiled by GNU C version 11.3.0  GMP version 6.2.1  MPFR version 4.1.0  MPC version 1.2.1  isl version isl-0.24-GMP]
  ignore line: []
  ignore line: [GGC heuristics: --param ggc-min-expand=100 --param ggc-min-heapsize=131072]
  ignore line: [Compiler executable checksum: 9b6f3600e20c83aad9d9d51392e28fb7]
  ignore line: [COLLECT_GCC_OPTIONS='-v' '-o' 'CMakeFiles/cmTC_1c678.dir/CMakeCXXCompilerABI.cpp.o' '-c' '-shared-libgcc' '-mcpu=cortex-a72' '-mlittle-endian' '-mabi=lp64']
  ignore line: [ /home/jok3r/x-tools/aarch64-rpi4-linux-gnu/lib/gcc/aarch64-rpi4-linux-gnu/9.5.0/../../../../aarch64-rpi4-linux-gnu/bin/as -v -EL -march=armv8-a+crc -mabi=lp64 -o CMakeFiles/cmTC_1c678.dir/CMakeCXXCompilerABI.cpp.o /tmp/cczWGzt9.s]
  ignore line: [GNU assembler version 2.35.1 (aarch64-rpi4-linux-gnu) using BFD version (crosstool-NG UNKNOWN) 2.35.1]
  ignore line: [COMPILER_PATH=/home/jok3r/x-tools/aarch64-rpi4-linux-gnu/libexec/gcc/aarch64-rpi4-linux-gnu/9.5.0/:/home/jok3r/x-tools/aarch64-rpi4-linux-gnu/libexec/gcc/aarch64-rpi4-linux-gnu/9.5.0/:/home/jok3r/x-tools/aarch64-rpi4-linux-gnu/libexec/gcc/aarch64-rpi4-linux-gnu/:/home/jok3r/x-tools/aarch64-rpi4-linux-gnu/lib/gcc/aarch64-rpi4-linux-gnu/9.5.0/:/home/jok3r/x-tools/aarch64-rpi4-linux-gnu/lib/gcc/aarch64-rpi4-linux-gnu/:/home/jok3r/x-tools/aarch64-rpi4-linux-gnu/lib/gcc/aarch64-rpi4-linux-gnu/9.5.0/../../../../aarch64-rpi4-linux-gnu/bin/]
  ignore line: [LIBRARY_PATH=/home/jok3r/x-tools/aarch64-rpi4-linux-gnu/lib/gcc/aarch64-rpi4-linux-gnu/9.5.0/:/home/jok3r/x-tools/aarch64-rpi4-linux-gnu/lib/gcc/aarch64-rpi4-linux-gnu/9.5.0/../../../../aarch64-rpi4-linux-gnu/lib/../lib64/:/home/jok3r/x-tools/aarch64-rpi4-linux-gnu/aarch64-rpi4-linux-gnu/sysroot/lib/../lib64/:/home/jok3r/x-tools/aarch64-rpi4-linux-gnu/aarch64-rpi4-linux-gnu/sysroot/usr/lib/../lib64/:/home/jok3r/x-tools/aarch64-rpi4-linux-gnu/lib/gcc/aarch64-rpi4-linux-gnu/9.5.0/../../../../aarch64-rpi4-linux-gnu/lib/:/home/jok3r/x-tools/aarch64-rpi4-linux-gnu/aarch64-rpi4-linux-gnu/sysroot/lib/:/home/jok3r/x-tools/aarch64-rpi4-linux-gnu/aarch64-rpi4-linux-gnu/sysroot/usr/lib/]
  ignore line: [COLLECT_GCC_OPTIONS='-v' '-o' 'CMakeFiles/cmTC_1c678.dir/CMakeCXXCompilerABI.cpp.o' '-c' '-shared-libgcc' '-mcpu=cortex-a72' '-mlittle-endian' '-mabi=lp64']
  ignore line: [Linking CXX executable cmTC_1c678]
  ignore line: [/usr/bin/cmake -E cmake_link_script CMakeFiles/cmTC_1c678.dir/link.txt --verbose=1]
  ignore line: [/home/jok3r/x-tools/aarch64-rpi4-linux-gnu/bin/aarch64-rpi4-linux-gnu-g++  -v CMakeFiles/cmTC_1c678.dir/CMakeCXXCompilerABI.cpp.o -o cmTC_1c678 ]
  ignore line: [Using built-in specs.]
  ignore line: [COLLECT_GCC=/home/jok3r/x-tools/aarch64-rpi4-linux-gnu/bin/aarch64-rpi4-linux-gnu-g++]
  ignore line: [COLLECT_LTO_WRAPPER=/home/jok3r/x-tools/aarch64-rpi4-linux-gnu/libexec/gcc/aarch64-rpi4-linux-gnu/9.5.0/lto-wrapper]
  ignore line: [Target: aarch64-rpi4-linux-gnu]
  ignore line: [Configured with: /media/jok3r/0c8aed27-573e-4ed6-acb9-bd13e9be4906/crosstool-ng/.build/aarch64-rpi4-linux-gnu/src/gcc/configure --build=x86_64-build_pc-linux-gnu --host=x86_64-build_pc-linux-gnu --target=aarch64-rpi4-linux-gnu --prefix=/home/jok3r/x-tools/aarch64-rpi4-linux-gnu --exec_prefix=/home/jok3r/x-tools/aarch64-rpi4-linux-gnu --with-sysroot=/home/jok3r/x-tools/aarch64-rpi4-linux-gnu/aarch64-rpi4-linux-gnu/sysroot --enable-languages=c c++ --with-cpu=cortex-a72 --with-pkgversion='crosstool-NG UNKNOWN' --enable-__cxa_atexit --disable-tm-clone-registry --disable-libmudflap --disable-libgomp --disable-libssp --disable-libquadmath --disable-libquadmath-support --disable-libsanitizer --disable-libmpx --with-gmp=/media/jok3r/0c8aed27-573e-4ed6-acb9-bd13e9be4906/crosstool-ng/.build/aarch64-rpi4-linux-gnu/buildtools --with-mpfr=/media/jok3r/0c8aed27-573e-4ed6-acb9-bd13e9be4906/crosstool-ng/.build/aarch64-rpi4-linux-gnu/buildtools --with-mpc=/media/jok3r/0c8aed27-573e-4ed6-acb9-bd13e9be4906/crosstool-ng/.build/aarch64-rpi4-linux-gnu/buildtools --with-isl=/media/jok3r/0c8aed27-573e-4ed6-acb9-bd13e9be4906/crosstool-ng/.build/aarch64-rpi4-linux-gnu/buildtools --enable-lto --without-zstd --enable-threads=posix --enable-target-optspace --enable-plugin --enable-gold --disable-nls --disable-multilib --with-local-prefix=/home/jok3r/x-tools/aarch64-rpi4-linux-gnu/aarch64-rpi4-linux-gnu/sysroot --enable-long-long]
  ignore line: [Thread model: posix]
  ignore line: [gcc version 9.5.0 (crosstool-NG UNKNOWN) ]
  ignore line: [COMPILER_PATH=/home/jok3r/x-tools/aarch64-rpi4-linux-gnu/libexec/gcc/aarch64-rpi4-linux-gnu/9.5.0/:/home/jok3r/x-tools/aarch64-rpi4-linux-gnu/libexec/gcc/aarch64-rpi4-linux-gnu/9.5.0/:/home/jok3r/x-tools/aarch64-rpi4-linux-gnu/libexec/gcc/aarch64-rpi4-linux-gnu/:/home/jok3r/x-tools/aarch64-rpi4-linux-gnu/lib/gcc/aarch64-rpi4-linux-gnu/9.5.0/:/home/jok3r/x-tools/aarch64-rpi4-linux-gnu/lib/gcc/aarch64-rpi4-linux-gnu/:/home/jok3r/x-tools/aarch64-rpi4-linux-gnu/lib/gcc/aarch64-rpi4-linux-gnu/9.5.0/../../../../aarch64-rpi4-linux-gnu/bin/]
  ignore line: [LIBRARY_PATH=/home/jok3r/x-tools/aarch64-rpi4-linux-gnu/lib/gcc/aarch64-rpi4-linux-gnu/9.5.0/:/home/jok3r/x-tools/aarch64-rpi4-linux-gnu/lib/gcc/aarch64-rpi4-linux-gnu/9.5.0/../../../../aarch64-rpi4-linux-gnu/lib/../lib64/:/home/jok3r/x-tools/aarch64-rpi4-linux-gnu/aarch64-rpi4-linux-gnu/sysroot/lib/../lib64/:/home/jok3r/x-tools/aarch64-rpi4-linux-gnu/aarch64-rpi4-linux-gnu/sysroot/usr/lib/../lib64/:/home/jok3r/x-tools/aarch64-rpi4-linux-gnu/lib/gcc/aarch64-rpi4-linux-gnu/9.5.0/../../../../aarch64-rpi4-linux-gnu/lib/:/home/jok3r/x-tools/aarch64-rpi4-linux-gnu/aarch64-rpi4-linux-gnu/sysroot/lib/:/home/jok3r/x-tools/aarch64-rpi4-linux-gnu/aarch64-rpi4-linux-gnu/sysroot/usr/lib/]
  ignore line: [COLLECT_GCC_OPTIONS='-v' '-o' 'cmTC_1c678' '-shared-libgcc' '-mcpu=cortex-a72' '-mlittle-endian' '-mabi=lp64']
  link line: [ /home/jok3r/x-tools/aarch64-rpi4-linux-gnu/libexec/gcc/aarch64-rpi4-linux-gnu/9.5.0/collect2 -plugin /home/jok3r/x-tools/aarch64-rpi4-linux-gnu/libexec/gcc/aarch64-rpi4-linux-gnu/9.5.0/liblto_plugin.so -plugin-opt=/home/jok3r/x-tools/aarch64-rpi4-linux-gnu/libexec/gcc/aarch64-rpi4-linux-gnu/9.5.0/lto-wrapper -plugin-opt=-fresolution=/tmp/ccJjvUfe.res -plugin-opt=-pass-through=-lgcc_s -plugin-opt=-pass-through=-lgcc -plugin-opt=-pass-through=-lc -plugin-opt=-pass-through=-lgcc_s -plugin-opt=-pass-through=-lgcc --sysroot=/home/jok3r/x-tools/aarch64-rpi4-linux-gnu/aarch64-rpi4-linux-gnu/sysroot --eh-frame-hdr -dynamic-linker /lib/ld-linux-aarch64.so.1 -X -EL -maarch64linux -o cmTC_1c678 /home/jok3r/x-tools/aarch64-rpi4-linux-gnu/aarch64-rpi4-linux-gnu/sysroot/usr/lib/../lib64/crt1.o /home/jok3r/x-tools/aarch64-rpi4-linux-gnu/aarch64-rpi4-linux-gnu/sysroot/usr/lib/../lib64/crti.o /home/jok3r/x-tools/aarch64-rpi4-linux-gnu/lib/gcc/aarch64-rpi4-linux-gnu/9.5.0/crtbegin.o -L/home/jok3r/x-tools/aarch64-rpi4-linux-gnu/lib/gcc/aarch64-rpi4-linux-gnu/9.5.0 -L/home/jok3r/x-tools/aarch64-rpi4-linux-gnu/lib/gcc/aarch64-rpi4-linux-gnu/9.5.0/../../../../aarch64-rpi4-linux-gnu/lib/../lib64 -L/home/jok3r/x-tools/aarch64-rpi4-linux-gnu/aarch64-rpi4-linux-gnu/sysroot/lib/../lib64 -L/home/jok3r/x-tools/aarch64-rpi4-linux-gnu/aarch64-rpi4-linux-gnu/sysroot/usr/lib/../lib64 -L/home/jok3r/x-tools/aarch64-rpi4-linux-gnu/lib/gcc/aarch64-rpi4-linux-gnu/9.5.0/../../../../aarch64-rpi4-linux-gnu/lib -L/home/jok3r/x-tools/aarch64-rpi4-linux-gnu/aarch64-rpi4-linux-gnu/sysroot/lib -L/home/jok3r/x-tools/aarch64-rpi4-linux-gnu/aarch64-rpi4-linux-gnu/sysroot/usr/lib CMakeFiles/cmTC_1c678.dir/CMakeCXXCompilerABI.cpp.o -lstdc++ -lm -lgcc_s -lgcc -lc -lgcc_s -lgcc /home/jok3r/x-tools/aarch64-rpi4-linux-gnu/lib/gcc/aarch64-rpi4-linux-gnu/9.5.0/crtend.o /home/jok3r/x-tools/aarch64-rpi4-linux-gnu/aarch64-rpi4-linux-gnu/sysroot/usr/lib/../lib64/crtn.o]
    arg [/home/jok3r/x-tools/aarch64-rpi4-linux-gnu/libexec/gcc/aarch64-rpi4-linux-gnu/9.5.0/collect2] ==> ignore
    arg [-plugin] ==> ignore
    arg [/home/jok3r/x-tools/aarch64-rpi4-linux-gnu/libexec/gcc/aarch64-rpi4-linux-gnu/9.5.0/liblto_plugin.so] ==> ignore
    arg [-plugin-opt=/home/jok3r/x-tools/aarch64-rpi4-linux-gnu/libexec/gcc/aarch64-rpi4-linux-gnu/9.5.0/lto-wrapper] ==> ignore
    arg [-plugin-opt=-fresolution=/tmp/ccJjvUfe.res] ==> ignore
    arg [-plugin-opt=-pass-through=-lgcc_s] ==> ignore
    arg [-plugin-opt=-pass-through=-lgcc] ==> ignore
    arg [-plugin-opt=-pass-through=-lc] ==> ignore
    arg [-plugin-opt=-pass-through=-lgcc_s] ==> ignore
    arg [-plugin-opt=-pass-through=-lgcc] ==> ignore
    arg [--sysroot=/home/jok3r/x-tools/aarch64-rpi4-linux-gnu/aarch64-rpi4-linux-gnu/sysroot] ==> ignore
    arg [--eh-frame-hdr] ==> ignore
    arg [-dynamic-linker] ==> ignore
    arg [/lib/ld-linux-aarch64.so.1] ==> ignore
    arg [-X] ==> ignore
    arg [-EL] ==> ignore
    arg [-maarch64linux] ==> ignore
    arg [-o] ==> ignore
    arg [cmTC_1c678] ==> ignore
    arg [/home/jok3r/x-tools/aarch64-rpi4-linux-gnu/aarch64-rpi4-linux-gnu/sysroot/usr/lib/../lib64/crt1.o] ==> obj [/home/jok3r/x-tools/aarch64-rpi4-linux-gnu/aarch64-rpi4-linux-gnu/sysroot/usr/lib/../lib64/crt1.o]
    arg [/home/jok3r/x-tools/aarch64-rpi4-linux-gnu/aarch64-rpi4-linux-gnu/sysroot/usr/lib/../lib64/crti.o] ==> obj [/home/jok3r/x-tools/aarch64-rpi4-linux-gnu/aarch64-rpi4-linux-gnu/sysroot/usr/lib/../lib64/crti.o]
    arg [/home/jok3r/x-tools/aarch64-rpi4-linux-gnu/lib/gcc/aarch64-rpi4-linux-gnu/9.5.0/crtbegin.o] ==> obj [/home/jok3r/x-tools/aarch64-rpi4-linux-gnu/lib/gcc/aarch64-rpi4-linux-gnu/9.5.0/crtbegin.o]
    arg [-L/home/jok3r/x-tools/aarch64-rpi4-linux-gnu/lib/gcc/aarch64-rpi4-linux-gnu/9.5.0] ==> dir [/home/jok3r/x-tools/aarch64-rpi4-linux-gnu/lib/gcc/aarch64-rpi4-linux-gnu/9.5.0]
    arg [-L/home/jok3r/x-tools/aarch64-rpi4-linux-gnu/lib/gcc/aarch64-rpi4-linux-gnu/9.5.0/../../../../aarch64-rpi4-linux-gnu/lib/../lib64] ==> dir [/home/jok3r/x-tools/aarch64-rpi4-linux-gnu/lib/gcc/aarch64-rpi4-linux-gnu/9.5.0/../../../../aarch64-rpi4-linux-gnu/lib/../lib64]
    arg [-L/home/jok3r/x-tools/aarch64-rpi4-linux-gnu/aarch64-rpi4-linux-gnu/sysroot/lib/../lib64] ==> dir [/home/jok3r/x-tools/aarch64-rpi4-linux-gnu/aarch64-rpi4-linux-gnu/sysroot/lib/../lib64]
    arg [-L/home/jok3r/x-tools/aarch64-rpi4-linux-gnu/aarch64-rpi4-linux-gnu/sysroot/usr/lib/../lib64] ==> dir [/home/jok3r/x-tools/aarch64-rpi4-linux-gnu/aarch64-rpi4-linux-gnu/sysroot/usr/lib/../lib64]
    arg [-L/home/jok3r/x-tools/aarch64-rpi4-linux-gnu/lib/gcc/aarch64-rpi4-linux-gnu/9.5.0/../../../../aarch64-rpi4-linux-gnu/lib] ==> dir [/home/jok3r/x-tools/aarch64-rpi4-linux-gnu/lib/gcc/aarch64-rpi4-linux-gnu/9.5.0/../../../../aarch64-rpi4-linux-gnu/lib]
    arg [-L/home/jok3r/x-tools/aarch64-rpi4-linux-gnu/aarch64-rpi4-linux-gnu/sysroot/lib] ==> dir [/home/jok3r/x-tools/aarch64-rpi4-linux-gnu/aarch64-rpi4-linux-gnu/sysroot/lib]
    arg [-L/home/jok3r/x-tools/aarch64-rpi4-linux-gnu/aarch64-rpi4-linux-gnu/sysroot/usr/lib] ==> dir [/home/jok3r/x-tools/aarch64-rpi4-linux-gnu/aarch64-rpi4-linux-gnu/sysroot/usr/lib]
    arg [CMakeFiles/cmTC_1c678.dir/CMakeCXXCompilerABI.cpp.o] ==> ignore
    arg [-lstdc++] ==> lib [stdc++]
    arg [-lm] ==> lib [m]
    arg [-lgcc_s] ==> lib [gcc_s]
    arg [-lgcc] ==> lib [gcc]
    arg [-lc] ==> lib [c]
    arg [-lgcc_s] ==> lib [gcc_s]
    arg [-lgcc] ==> lib [gcc]
    arg [/home/jok3r/x-tools/aarch64-rpi4-linux-gnu/lib/gcc/aarch64-rpi4-linux-gnu/9.5.0/crtend.o] ==> obj [/home/jok3r/x-tools/aarch64-rpi4-linux-gnu/lib/gcc/aarch64-rpi4-linux-gnu/9.5.0/crtend.o]
    arg [/home/jok3r/x-tools/aarch64-rpi4-linux-gnu/aarch64-rpi4-linux-gnu/sysroot/usr/lib/../lib64/crtn.o] ==> obj [/home/jok3r/x-tools/aarch64-rpi4-linux-gnu/aarch64-rpi4-linux-gnu/sysroot/usr/lib/../lib64/crtn.o]
  collapse obj [/home/jok3r/x-tools/aarch64-rpi4-linux-gnu/aarch64-rpi4-linux-gnu/sysroot/usr/lib/../lib64/crt1.o] ==> [/home/jok3r/x-tools/aarch64-rpi4-linux-gnu/aarch64-rpi4-linux-gnu/sysroot/usr/lib64/crt1.o]
  collapse obj [/home/jok3r/x-tools/aarch64-rpi4-linux-gnu/aarch64-rpi4-linux-gnu/sysroot/usr/lib/../lib64/crti.o] ==> [/home/jok3r/x-tools/aarch64-rpi4-linux-gnu/aarch64-rpi4-linux-gnu/sysroot/usr/lib64/crti.o]
  collapse obj [/home/jok3r/x-tools/aarch64-rpi4-linux-gnu/aarch64-rpi4-linux-gnu/sysroot/usr/lib/../lib64/crtn.o] ==> [/home/jok3r/x-tools/aarch64-rpi4-linux-gnu/aarch64-rpi4-linux-gnu/sysroot/usr/lib64/crtn.o]
  collapse library dir [/home/jok3r/x-tools/aarch64-rpi4-linux-gnu/lib/gcc/aarch64-rpi4-linux-gnu/9.5.0] ==> [/home/jok3r/x-tools/aarch64-rpi4-linux-gnu/lib/gcc/aarch64-rpi4-linux-gnu/9.5.0]
  collapse library dir [/home/jok3r/x-tools/aarch64-rpi4-linux-gnu/lib/gcc/aarch64-rpi4-linux-gnu/9.5.0/../../../../aarch64-rpi4-linux-gnu/lib/../lib64] ==> [/home/jok3r/x-tools/aarch64-rpi4-linux-gnu/aarch64-rpi4-linux-gnu/lib64]
  collapse library dir [/home/jok3r/x-tools/aarch64-rpi4-linux-gnu/aarch64-rpi4-linux-gnu/sysroot/lib/../lib64] ==> [/home/jok3r/x-tools/aarch64-rpi4-linux-gnu/aarch64-rpi4-linux-gnu/sysroot/lib64]
  collapse library dir [/home/jok3r/x-tools/aarch64-rpi4-linux-gnu/aarch64-rpi4-linux-gnu/sysroot/usr/lib/../lib64] ==> [/home/jok3r/x-tools/aarch64-rpi4-linux-gnu/aarch64-rpi4-linux-gnu/sysroot/usr/lib64]
  collapse library dir [/home/jok3r/x-tools/aarch64-rpi4-linux-gnu/lib/gcc/aarch64-rpi4-linux-gnu/9.5.0/../../../../aarch64-rpi4-linux-gnu/lib] ==> [/home/jok3r/x-tools/aarch64-rpi4-linux-gnu/aarch64-rpi4-linux-gnu/lib]
  collapse library dir [/home/jok3r/x-tools/aarch64-rpi4-linux-gnu/aarch64-rpi4-linux-gnu/sysroot/lib] ==> [/home/jok3r/x-tools/aarch64-rpi4-linux-gnu/aarch64-rpi4-linux-gnu/sysroot/lib]
  collapse library dir [/home/jok3r/x-tools/aarch64-rpi4-linux-gnu/aarch64-rpi4-linux-gnu/sysroot/usr/lib] ==> [/home/jok3r/x-tools/aarch64-rpi4-linux-gnu/aarch64-rpi4-linux-gnu/sysroot/usr/lib]
  implicit libs: [stdc++;m;gcc_s;gcc;c;gcc_s;gcc]
  implicit objs: [/home/jok3r/x-tools/aarch64-rpi4-linux-gnu/aarch64-rpi4-linux-gnu/sysroot/usr/lib64/crt1.o;/home/jok3r/x-tools/aarch64-rpi4-linux-gnu/aarch64-rpi4-linux-gnu/sysroot/usr/lib64/crti.o;/home/jok3r/x-tools/aarch64-rpi4-linux-gnu/lib/gcc/aarch64-rpi4-linux-gnu/9.5.0/crtbegin.o;/home/jok3r/x-tools/aarch64-rpi4-linux-gnu/lib/gcc/aarch64-rpi4-linux-gnu/9.5.0/crtend.o;/home/jok3r/x-tools/aarch64-rpi4-linux-gnu/aarch64-rpi4-linux-gnu/sysroot/usr/lib64/crtn.o]
  implicit dirs: [/home/jok3r/x-tools/aarch64-rpi4-linux-gnu/lib/gcc/aarch64-rpi4-linux-gnu/9.5.0;/home/jok3r/x-tools/aarch64-rpi4-linux-gnu/aarch64-rpi4-linux-gnu/lib64;/home/jok3r/x-tools/aarch64-rpi4-linux-gnu/aarch64-rpi4-linux-gnu/sysroot/lib64;/home/jok3r/x-tools/aarch64-rpi4-linux-gnu/aarch64-rpi4-linux-gnu/sysroot/usr/lib64;/home/jok3r/x-tools/aarch64-rpi4-linux-gnu/aarch64-rpi4-linux-gnu/lib;/home/jok3r/x-tools/aarch64-rpi4-linux-gnu/aarch64-rpi4-linux-gnu/sysroot/lib;/home/jok3r/x-tools/aarch64-rpi4-linux-gnu/aarch64-rpi4-linux-gnu/sysroot/usr/lib]
  implicit fwks: []


Determining if the include file pthread.h exists passed with the following output:
Change Dir: /home/jok3r/application/build/CMakeFiles/CMakeTmp

Run Build Command(s):/usr/bin/gmake -f Makefile cmTC_66c60/fast && /usr/bin/gmake  -f CMakeFiles/cmTC_66c60.dir/build.make CMakeFiles/cmTC_66c60.dir/build
gmake[1]: Entering directory '/home/jok3r/application/build/CMakeFiles/CMakeTmp'
Building C object CMakeFiles/cmTC_66c60.dir/CheckIncludeFile.c.o
/home/jok3r/x-tools/aarch64-rpi4-linux-gnu/bin/aarch64-rpi4-linux-gnu-gcc    -o CMakeFiles/cmTC_66c60.dir/CheckIncludeFile.c.o -c /home/jok3r/application/build/CMakeFiles/CMakeTmp/CheckIncludeFile.c
Linking C executable cmTC_66c60
/usr/bin/cmake -E cmake_link_script CMakeFiles/cmTC_66c60.dir/link.txt --verbose=1
/home/jok3r/x-tools/aarch64-rpi4-linux-gnu/bin/aarch64-rpi4-linux-gnu-gcc CMakeFiles/cmTC_66c60.dir/CheckIncludeFile.c.o -o cmTC_66c60 
gmake[1]: Leaving directory '/home/jok3r/application/build/CMakeFiles/CMakeTmp'



Determining if the function pthread_create exists in the pthread passed with the following output:
Change Dir: /home/jok3r/application/build/CMakeFiles/CMakeTmp

Run Build Command(s):/usr/bin/gmake -f Makefile cmTC_b3f7e/fast && /usr/bin/gmake  -f CMakeFiles/cmTC_b3f7e.dir/build.make CMakeFiles/cmTC_b3f7e.dir/build
gmake[1]: Entering directory '/home/jok3r/application/build/CMakeFiles/CMakeTmp'
Building C object CMakeFiles/cmTC_b3f7e.dir/CheckFunctionExists.c.o
/home/jok3r/x-tools/aarch64-rpi4-linux-gnu/bin/aarch64-rpi4-linux-gnu-gcc   -DCHECK_FUNCTION_EXISTS=pthread_create -o CMakeFiles/cmTC_b3f7e.dir/CheckFunctionExists.c.o -c /usr/share/cmake-3.22/Modules/CheckFunctionExists.c
Linking C executable cmTC_b3f7e
/usr/bin/cmake -E cmake_link_script CMakeFiles/cmTC_b3f7e.dir/link.txt --verbose=1
/home/jok3r/x-tools/aarch64-rpi4-linux-gnu/bin/aarch64-rpi4-linux-gnu-gcc  -DCHECK_FUNCTION_EXISTS=pthread_create CMakeFiles/cmTC_b3f7e.dir/CheckFunctionExists.c.o -o cmTC_b3f7e  -lpthread 
gmake[1]: Leaving directory '/home/jok3r/application/build/CMakeFiles/CMakeTmp'



