Performing C SOURCE FILE Test CMAKE_HAVE_LIBC_PTHREAD failed with the following output:
Change Dir: /home/jok3r/application/build/CMakeFiles/CMakeTmp

Run Build Command(s):/usr/bin/gmake -f Makefile cmTC_b8d0a/fast && /usr/bin/gmake  -f CMakeFiles/cmTC_b8d0a.dir/build.make CMakeFiles/cmTC_b8d0a.dir/build
gmake[1]: Entering directory '/home/jok3r/application/build/CMakeFiles/CMakeTmp'
Building C object CMakeFiles/cmTC_b8d0a.dir/src.c.o
/home/jok3r/x-tools/aarch64-rpi4-linux-gnu/bin/aarch64-rpi4-linux-gnu-gcc -DCMAKE_HAVE_LIBC_PTHREAD   -o CMakeFiles/cmTC_b8d0a.dir/src.c.o -c /home/jok3r/application/build/CMakeFiles/CMakeTmp/src.c
Linking C executable cmTC_b8d0a
/usr/bin/cmake -E cmake_link_script CMakeFiles/cmTC_b8d0a.dir/link.txt --verbose=1
/home/jok3r/x-tools/aarch64-rpi4-linux-gnu/bin/aarch64-rpi4-linux-gnu-gcc CMakeFiles/cmTC_b8d0a.dir/src.c.o -o cmTC_b8d0a 
/home/jok3r/x-tools/aarch64-rpi4-linux-gnu/lib/gcc/aarch64-rpi4-linux-gnu/9.5.0/../../../../aarch64-rpi4-linux-gnu/bin/ld.bfd: CMakeFiles/cmTC_b8d0a.dir/src.c.o: in function `main':
src.c:(.text+0x34): undefined reference to `pthread_create'
/home/jok3r/x-tools/aarch64-rpi4-linux-gnu/lib/gcc/aarch64-rpi4-linux-gnu/9.5.0/../../../../aarch64-rpi4-linux-gnu/bin/ld.bfd: src.c:(.text+0x3c): undefined reference to `pthread_detach'
/home/jok3r/x-tools/aarch64-rpi4-linux-gnu/lib/gcc/aarch64-rpi4-linux-gnu/9.5.0/../../../../aarch64-rpi4-linux-gnu/bin/ld.bfd: src.c:(.text+0x44): undefined reference to `pthread_cancel'
/home/jok3r/x-tools/aarch64-rpi4-linux-gnu/lib/gcc/aarch64-rpi4-linux-gnu/9.5.0/../../../../aarch64-rpi4-linux-gnu/bin/ld.bfd: src.c:(.text+0x50): undefined reference to `pthread_join'
collect2: error: ld returned 1 exit status
gmake[1]: *** [CMakeFiles/cmTC_b8d0a.dir/build.make:99: cmTC_b8d0a] Error 1
gmake[1]: Leaving directory '/home/jok3r/application/build/CMakeFiles/CMakeTmp'
gmake: *** [Makefile:127: cmTC_b8d0a/fast] Error 2


Source file was:
#include <pthread.h>

static void* test_func(void* data)
{
  return data;
}

int main(void)
{
  pthread_t thread;
  pthread_create(&thread, NULL, test_func, NULL);
  pthread_detach(thread);
  pthread_cancel(thread);
  pthread_join(thread, NULL);
  pthread_atfork(NULL, NULL, NULL);
  pthread_exit(NULL);

  return 0;
}

Determining if the function pthread_create exists in the pthreads failed with the following output:
Change Dir: /home/jok3r/application/build/CMakeFiles/CMakeTmp

Run Build Command(s):/usr/bin/gmake -f Makefile cmTC_c227e/fast && /usr/bin/gmake  -f CMakeFiles/cmTC_c227e.dir/build.make CMakeFiles/cmTC_c227e.dir/build
gmake[1]: Entering directory '/home/jok3r/application/build/CMakeFiles/CMakeTmp'
Building C object CMakeFiles/cmTC_c227e.dir/CheckFunctionExists.c.o
/home/jok3r/x-tools/aarch64-rpi4-linux-gnu/bin/aarch64-rpi4-linux-gnu-gcc   -DCHECK_FUNCTION_EXISTS=pthread_create -o CMakeFiles/cmTC_c227e.dir/CheckFunctionExists.c.o -c /usr/share/cmake-3.22/Modules/CheckFunctionExists.c
Linking C executable cmTC_c227e
/usr/bin/cmake -E cmake_link_script CMakeFiles/cmTC_c227e.dir/link.txt --verbose=1
/home/jok3r/x-tools/aarch64-rpi4-linux-gnu/bin/aarch64-rpi4-linux-gnu-gcc  -DCHECK_FUNCTION_EXISTS=pthread_create CMakeFiles/cmTC_c227e.dir/CheckFunctionExists.c.o -o cmTC_c227e  -lpthreads 
/home/jok3r/x-tools/aarch64-rpi4-linux-gnu/lib/gcc/aarch64-rpi4-linux-gnu/9.5.0/../../../../aarch64-rpi4-linux-gnu/bin/ld.bfd: cannot find -lpthreads
collect2: error: ld returned 1 exit status
gmake[1]: *** [CMakeFiles/cmTC_c227e.dir/build.make:99: cmTC_c227e] Error 1
gmake[1]: Leaving directory '/home/jok3r/application/build/CMakeFiles/CMakeTmp'
gmake: *** [Makefile:127: cmTC_c227e/fast] Error 2



